2019-08-07 09:11:05 +0000  Initial pipeline context: <IDEDistributionProcessingPipelineContext: 0x7f8e1732df30; archive(resolved)='<IDEArchive: 0x7f8e1b006780>', distributionTask(resolved)='2', distributionDestination(resolved)='1', distributionMethod(resolved)='<IDEDistributionMethodiOSEnterprise: 0x7f8e3560cee0>', team(resolved)='<IDEProvisioningDisambiguatableBasicTeam: 0x7f8e171e5910; teamID='TJUL2RZLSX', teamName='KPIT Infosystems Incorporated', teamType='Enterprise', username='sandeep.mohite@kpit.com', isFreeProvisioningTeam='0'>'>
	Chain (12, self inclusive):
	<IDEDistributionProcessingPipelineContext: 0x7f8e1732df30; archive = '<IDEArchive: 0x7f8e1b006780>', distributionMethod='<IDEDistributionMethodiOSEnterprise: 0x7f8e3560cee0>', team='<IDEProvisioningDisambiguatableBasicTeam: 0x7f8e171e5910; teamID='TJUL2RZLSX', teamName='KPIT Infosystems Incorporated', teamType='Enterprise', username='sandeep.mohite@kpit.com', isFreeProvisioningTeam='0'>'>
	<IDEDistributionProcessingPipelineContext: 0x7f8e1b772c50; archive = '<IDEArchive: 0x7f8e1b006780>', distributionMethod='<IDEDistributionMethodiOSEnterprise: 0x7f8e3560cee0>', team='<IDEProvisioningDisambiguatableBasicTeam: 0x7f8e171e5910; teamID='TJUL2RZLSX', teamName='KPIT Infosystems Incorporated', teamType='Enterprise', username='sandeep.mohite@kpit.com', isFreeProvisioningTeam='0'>'>
	<IDEDistributionContext: 0x7f8e3506e0a0; archive = '<IDEArchive: 0x7f8e1b006780>', distributionMethod='<IDEDistributionMethodiOSEnterprise: 0x7f8e3560cee0>', team='<IDEProvisioningDisambiguatableBasicTeam: 0x7f8e171e5910; teamID='TJUL2RZLSX', teamName='KPIT Infosystems Incorporated', teamType='Enterprise', username='sandeep.mohite@kpit.com', isFreeProvisioningTeam='0'>'>
	<IDEDistributionContext: 0x7f8e1acf44f0; archive = '<IDEArchive: 0x7f8e1b006780>', distributionMethod='<IDEDistributionMethodiOSEnterprise: 0x7f8e3560cee0>', team='<IDEProvisioningDisambiguatableBasicTeam: 0x7f8e171e5910; teamID='TJUL2RZLSX', teamName='KPIT Infosystems Incorporated', teamType='Enterprise', username='sandeep.mohite@kpit.com', isFreeProvisioningTeam='0'>'>
	<IDEDistributionContext: 0x7f8e17508300; archive = '<IDEArchive: 0x7f8e1b006780>', distributionMethod='<IDEDistributionMethodiOSEnterprise: 0x7f8e3560cee0>', team='<IDEProvisioningDisambiguatableBasicTeam: 0x7f8e171e5910; teamID='TJUL2RZLSX', teamName='KPIT Infosystems Incorporated', teamType='Enterprise', username='sandeep.mohite@kpit.com', isFreeProvisioningTeam='0'>'>
	<IDEDistributionContext: 0x7f8e1b0f7980; archive = '<IDEArchive: 0x7f8e1b006780>', distributionMethod='<IDEDistributionMethodiOSEnterprise: 0x7f8e3560cee0>', team='<IDEProvisioningDisambiguatableBasicTeam: 0x7f8e171e5910; teamID='TJUL2RZLSX', teamName='KPIT Infosystems Incorporated', teamType='Enterprise', username='sandeep.mohite@kpit.com', isFreeProvisioningTeam='0'>'>
	<IDEDistributionContext: 0x7f8e2b1d8c30; archive = '<IDEArchive: 0x7f8e1b006780>', distributionMethod='<IDEDistributionMethodiOSEnterprise: 0x7f8e3560cee0>', team='<IDEProvisioningDisambiguatableBasicTeam: 0x7f8e171e5910; teamID='TJUL2RZLSX', teamName='KPIT Infosystems Incorporated', teamType='Enterprise', username='sandeep.mohite@kpit.com', isFreeProvisioningTeam='0'>'>
	<IDEDistributionContext: 0x7f8e1aee5ff0; archive = '<IDEArchive: 0x7f8e1b006780>', distributionMethod='<IDEDistributionMethodiOSEnterprise: 0x7f8e3560cee0>', team='<IDEProvisioningDisambiguatableBasicTeam: 0x7f8e171e5910; teamID='TJUL2RZLSX', teamName='KPIT Infosystems Incorporated', teamType='Enterprise', username='sandeep.mohite@kpit.com', isFreeProvisioningTeam='0'>'>
	<IDEDistributionContext: 0x7f8e1b291160; archive = '<IDEArchive: 0x7f8e1b006780>', distributionMethod='<IDEDistributionMethodiOSEnterprise: 0x7f8e3560cee0>', team='<IDEProvisioningDisambiguatableBasicTeam: 0x7f8e171e5910; teamID='TJUL2RZLSX', teamName='KPIT Infosystems Incorporated', teamType='Enterprise', username='sandeep.mohite@kpit.com', isFreeProvisioningTeam='0'>'>
	<IDEDistributionContext: 0x7f8e1ac6bc30; archive = '<IDEArchive: 0x7f8e1b006780>', distributionMethod='<IDEDistributionMethodiOSEnterprise: 0x7f8e3560cee0>', team='(null)'>
	<IDEDistributionContext: 0x7f8e1adda760; archive = '<IDEArchive: 0x7f8e1b006780>', distributionMethod='<IDEDistributionMethodiOSEnterprise: 0x7f8e3560cee0>', team='(null)'>
	<IDEDistributionContext: 0x7f8e1ac404b0; archive = '<IDEArchive: 0x7f8e1b006780>', distributionMethod='(null)', team='(null)'>
</IDEDistributionProcessingPipelineContext: 0x7f8e1732df30>
2019-08-07 09:11:05 +0000  Processing step: IDEDistributionCreateDestRootStep
2019-08-07 09:11:05 +0000  Processing step: IDEDistributionCopyItemStep
2019-08-07 09:11:05 +0000  Running /usr/bin/ditto '-V' '/Users/sandeepmohite/Library/Developer/Xcode/Archives/2019-08-07/MNKMobile 07-08-19, 2.38 PM.xcarchive/Products/Applications/MNKMobile.app' '/var/folders/h2/7x_ydhzd3_131ccls56x7jhw0000gn/T/XcodeDistPipeline.~~~gchAIz/Root/Payload/MNKMobile.app'
2019-08-07 09:11:05 +0000  >>> Copying /Users/sandeepmohite/Library/Developer/Xcode/Archives/2019-08-07/MNKMobile 07-08-19, 2.38 PM.xcarchive/Products/Applications/MNKMobile.app 
2019-08-07 09:11:05 +0000  copying file ./_CodeSignature/CodeResources ... 
2019-08-07 09:11:05 +0000  71629 bytes for ./_CodeSignature/CodeResources
2019-08-07 09:11:05 +0000  copying file ./LaunchImage-1100-Portrait-2436h@3x.png ... 
2019-08-07 09:11:05 +0000  905868 bytes for ./LaunchImage-1100-Portrait-2436h@3x.png
2019-08-07 09:11:05 +0000  copying file ./LaunchImage@2x.png ... 
300498 bytes for ./LaunchImage@2x.png
copying file ./AppIcon20x20@2x.png ... 
2019-08-07 09:11:05 +0000  2013 bytes for ./AppIcon20x20@2x.png
copying file ./MainViewController.nib ... 
2019-08-07 09:11:05 +0000  943 bytes for ./MainViewController.nib
copying file ./AppIcon57x57.png ... 
2019-08-07 09:11:05 +0000  3341 bytes for ./AppIcon57x57.png
2019-08-07 09:11:05 +0000  copying file ./AppIcon20x20@3x.png ... 
2019-08-07 09:11:05 +0000  3902 bytes for ./AppIcon20x20@3x.png
copying file ./AppIcon29x29.png ... 
2019-08-07 09:11:05 +0000  1190 bytes for ./AppIcon29x29.png
2019-08-07 09:11:05 +0000  copying file ./LaunchImage-568h@2x.png ... 
2019-08-07 09:11:05 +0000  439634 bytes for ./LaunchImage-568h@2x.png
copying file ./AppIcon60x60@2x.png ... 
2019-08-07 09:11:05 +0000  9991 bytes for ./AppIcon60x60@2x.png
2019-08-07 09:11:05 +0000  copying file ./AppIcon72x72@2x~ipad.png ... 
2019-08-07 09:11:05 +0000  12947 bytes for ./AppIcon72x72@2x~ipad.png
copying file ./AppIcon29x29@2x.png ... 
2019-08-07 09:11:05 +0000  3490 bytes for ./AppIcon29x29@2x.png
copying file ./LaunchImage-1100-Landscape-2436h@3x.png ... 
2019-08-07 09:11:05 +0000  3476619 bytes for ./LaunchImage-1100-Landscape-2436h@3x.png
2019-08-07 09:11:05 +0000  copying file ./LaunchImage-800-667h@2x.png ... 
2019-08-07 09:11:05 +0000  427671 bytes for ./LaunchImage-800-667h@2x.png
copying file ./LaunchImage-Portrait@2x~ipad.png ... 
2019-08-07 09:11:05 +0000  1638108 bytes for ./LaunchImage-Portrait@2x~ipad.png
2019-08-07 09:11:05 +0000  copying file ./AppIcon40x40@3x.png ... 
2019-08-07 09:11:05 +0000  9991 bytes for ./AppIcon40x40@3x.png
copying file ./AppIcon57x57@2x.png ... 
2019-08-07 09:11:05 +0000  7536 bytes for ./AppIcon57x57@2x.png
copying file ./AppIcon29x29~ipad.png ... 
2019-08-07 09:11:05 +0000  1190 bytes for ./AppIcon29x29~ipad.png
copying file ./AppIcon40x40@2x.png ... 
5005 bytes for ./AppIcon40x40@2x.png
copying file ./LaunchImage-Portrait~ipad.png ... 
2019-08-07 09:11:05 +0000  421865 bytes for ./LaunchImage-Portrait~ipad.png
copying file ./AppIcon29x29@3x.png ... 
2019-08-07 09:11:05 +0000  5999 bytes for ./AppIcon29x29@3x.png
copying file ./AppIcon60x60@3x.png ... 
2019-08-07 09:11:05 +0000  12725 bytes for ./AppIcon60x60@3x.png
2019-08-07 09:11:05 +0000  copying file ./config.xml ... 
2019-08-07 09:11:05 +0000  4510 bytes for ./config.xml
2019-08-07 09:11:05 +0000  copying file ./www/index.html ... 
50459 bytes for ./www/index.html
copying file ./www/cordova.js ... 
2019-08-07 09:11:05 +0000  80554 bytes for ./www/cordova.js
2019-08-07 09:11:05 +0000  copying file ./www/css/style.min.css ... 
2019-08-07 09:11:05 +0000  600358 bytes for ./www/css/style.min.css
2019-08-07 09:11:05 +0000  copying file ./www/plugins/cordova-plugin-file/www/requestFileSystem.js ... 
2019-08-07 09:11:05 +0000  3328 bytes for ./www/plugins/cordova-plugin-file/www/requestFileSystem.js
copying file ./www/plugins/cordova-plugin-file/www/DirectoryEntry.js ... 
2019-08-07 09:11:05 +0000  4801 bytes for ./www/plugins/cordova-plugin-file/www/DirectoryEntry.js
copying file ./www/plugins/cordova-plugin-file/www/FileSystem.js ... 
2019-08-07 09:11:05 +0000  2018 bytes for ./www/plugins/cordova-plugin-file/www/FileSystem.js
2019-08-07 09:11:05 +0000  copying file ./www/plugins/cordova-plugin-file/www/Flags.js ... 
2019-08-07 09:11:05 +0000  1375 bytes for ./www/plugins/cordova-plugin-file/www/Flags.js
copying file ./www/plugins/cordova-plugin-file/www/fileSystemPaths.js ... 
2019-08-07 09:11:05 +0000  2613 bytes for ./www/plugins/cordova-plugin-file/www/fileSystemPaths.js
copying file ./www/plugins/cordova-plugin-file/www/FileEntry.js ... 
2019-08-07 09:11:05 +0000  3518 bytes for ./www/plugins/cordova-plugin-file/www/FileEntry.js
copying file ./www/plugins/cordova-plugin-file/www/fileSystems.js ... 
2019-08-07 09:11:05 +0000  1075 bytes for ./www/plugins/cordova-plugin-file/www/fileSystems.js
copying file ./www/plugins/cordova-plugin-file/www/DirectoryReader.js ... 
2019-08-07 09:11:05 +0000  2799 bytes for ./www/plugins/cordova-plugin-file/www/DirectoryReader.js
2019-08-07 09:11:05 +0000  copying file ./www/plugins/cordova-plugin-file/www/Metadata.js ... 
2019-08-07 09:11:05 +0000  1531 bytes for ./www/plugins/cordova-plugin-file/www/Metadata.js
2019-08-07 09:11:05 +0000  copying file ./www/plugins/cordova-plugin-file/www/ios/FileSystem.js ... 
1254 bytes for ./www/plugins/cordova-plugin-file/www/ios/FileSystem.js
copying file ./www/plugins/cordova-plugin-file/www/browser/isChrome.js ... 
1235 bytes for ./www/plugins/cordova-plugin-file/www/browser/isChrome.js
copying file ./www/plugins/cordova-plugin-file/www/LocalFileSystem.js ... 
2019-08-07 09:11:05 +0000  983 bytes for ./www/plugins/cordova-plugin-file/www/LocalFileSystem.js
2019-08-07 09:11:05 +0000  copying file ./www/plugins/cordova-plugin-file/www/FileReader.js ... 
2019-08-07 09:11:05 +0000  10824 bytes for ./www/plugins/cordova-plugin-file/www/FileReader.js
2019-08-07 09:11:05 +0000  copying file ./www/plugins/cordova-plugin-file/www/fileSystems-roots.js ... 
2019-08-07 09:11:05 +0000  1645 bytes for ./www/plugins/cordova-plugin-file/www/fileSystems-roots.js
2019-08-07 09:11:05 +0000  copying file ./www/plugins/cordova-plugin-file/www/FileUploadOptions.js ... 
2019-08-07 09:11:05 +0000  1875 bytes for ./www/plugins/cordova-plugin-file/www/FileUploadOptions.js
2019-08-07 09:11:05 +0000  copying file ./www/plugins/cordova-plugin-file/www/FileWriter.js ... 
2019-08-07 09:11:05 +0000  10871 bytes for ./www/plugins/cordova-plugin-file/www/FileWriter.js
2019-08-07 09:11:05 +0000  copying file ./www/plugins/cordova-plugin-file/www/FileError.js ... 
2019-08-07 09:11:05 +0000  1532 bytes for ./www/plugins/cordova-plugin-file/www/FileError.js
2019-08-07 09:11:05 +0000  copying file ./www/plugins/cordova-plugin-file/www/FileUploadResult.js ... 
2019-08-07 09:11:05 +0000  1144 bytes for ./www/plugins/cordova-plugin-file/www/FileUploadResult.js
2019-08-07 09:11:05 +0000  copying file ./www/plugins/cordova-plugin-file/www/ProgressEvent.js ... 
2019-08-07 09:11:05 +0000  2614 bytes for ./www/plugins/cordova-plugin-file/www/ProgressEvent.js
copying file ./www/plugins/cordova-plugin-file/www/File.js ... 
2019-08-07 09:11:05 +0000  2795 bytes for ./www/plugins/cordova-plugin-file/www/File.js
copying file ./www/plugins/cordova-plugin-file/www/resolveLocalFileSystemURI.js ... 
2019-08-07 09:11:05 +0000  4419 bytes for ./www/plugins/cordova-plugin-file/www/resolveLocalFileSystemURI.js
2019-08-07 09:11:05 +0000  copying file ./www/plugins/cordova-plugin-file/www/Entry.js ... 
2019-08-07 09:11:05 +0000  10132 bytes for ./www/plugins/cordova-plugin-file/www/Entry.js
2019-08-07 09:11:05 +0000  copying file ./www/plugins/cordova-plugin-device/www/device.js ... 
2019-08-07 09:11:05 +0000  3156 bytes for ./www/plugins/cordova-plugin-device/www/device.js
2019-08-07 09:11:05 +0000  copying file ./www/plugins/cordova-plugin-geolocation/www/geolocation.js ... 
2019-08-07 09:11:05 +0000  8874 bytes for ./www/plugins/cordova-plugin-geolocation/www/geolocation.js
2019-08-07 09:11:05 +0000  copying file ./www/plugins/cordova-plugin-geolocation/www/PositionError.js ... 
2019-08-07 09:11:05 +0000  1418 bytes for ./www/plugins/cordova-plugin-geolocation/www/PositionError.js
2019-08-07 09:11:05 +0000  copying file ./www/plugins/cordova-plugin-geolocation/www/Coordinates.js ... 
2019-08-07 09:11:05 +0000  2148 bytes for ./www/plugins/cordova-plugin-geolocation/www/Coordinates.js
2019-08-07 09:11:05 +0000  copying file ./www/plugins/cordova-plugin-geolocation/www/Position.js ... 
2019-08-07 09:11:05 +0000  1395 bytes for ./www/plugins/cordova-plugin-geolocation/www/Position.js
2019-08-07 09:11:05 +0000  copying file ./www/plugins/cordova-plugin-device-orientation/www/CompassError.js ... 
2019-08-07 09:11:05 +0000  1276 bytes for ./www/plugins/cordova-plugin-device-orientation/www/CompassError.js
copying file ./www/plugins/cordova-plugin-device-orientation/www/CompassHeading.js ... 
2019-08-07 09:11:05 +0000  1254 bytes for ./www/plugins/cordova-plugin-device-orientation/www/CompassHeading.js
2019-08-07 09:11:05 +0000  copying file ./www/plugins/cordova-plugin-device-orientation/www/compass.js ... 
2019-08-07 09:11:05 +0000  5232 bytes for ./www/plugins/cordova-plugin-device-orientation/www/compass.js
2019-08-07 09:11:05 +0000  copying file ./www/plugins/cordova-plugin-media-capture/www/MediaFile.js ... 
2019-08-07 09:11:05 +0000  2119 bytes for ./www/plugins/cordova-plugin-media-capture/www/MediaFile.js
copying file ./www/plugins/cordova-plugin-media-capture/www/MediaFileData.js ... 
1436 bytes for ./www/plugins/cordova-plugin-media-capture/www/MediaFileData.js
copying file ./www/plugins/cordova-plugin-media-capture/www/CaptureError.js ... 
1829 bytes for ./www/plugins/cordova-plugin-media-capture/www/CaptureError.js
copying file ./www/plugins/cordova-plugin-media-capture/www/CaptureAudioOptions.js ... 
2019-08-07 09:11:05 +0000  1307 bytes for ./www/plugins/cordova-plugin-media-capture/www/CaptureAudioOptions.js
copying file ./www/plugins/cordova-plugin-media-capture/www/CaptureImageOptions.js ... 
2019-08-07 09:11:05 +0000  1216 bytes for ./www/plugins/cordova-plugin-media-capture/www/CaptureImageOptions.js
copying file ./www/plugins/cordova-plugin-media-capture/www/helpers.js ... 
2019-08-07 09:11:05 +0000  1676 bytes for ./www/plugins/cordova-plugin-media-capture/www/helpers.js
2019-08-07 09:11:05 +0000  copying file ./www/plugins/cordova-plugin-media-capture/www/capture.js ... 
2019-08-07 09:11:05 +0000  2748 bytes for ./www/plugins/cordova-plugin-media-capture/www/capture.js
2019-08-07 09:11:05 +0000  copying file ./www/plugins/cordova-plugin-media-capture/www/CaptureVideoOptions.js ... 
2019-08-07 09:11:05 +0000  1438 bytes for ./www/plugins/cordova-plugin-media-capture/www/CaptureVideoOptions.js
2019-08-07 09:11:05 +0000  copying file ./www/plugins/cordova-plugin-file-transfer/www/FileTransferError.js ... 
2019-08-07 09:11:05 +0000  1532 bytes for ./www/plugins/cordova-plugin-file-transfer/www/FileTransferError.js
2019-08-07 09:11:05 +0000  copying file ./www/plugins/cordova-plugin-file-transfer/www/FileTransfer.js ... 
2019-08-07 09:11:05 +0000  8810 bytes for ./www/plugins/cordova-plugin-file-transfer/www/FileTransfer.js
2019-08-07 09:11:05 +0000  copying file ./www/plugins/cordova-plugin-vibration/www/vibration.js ... 
2019-08-07 09:11:05 +0000  3625 bytes for ./www/plugins/cordova-plugin-vibration/www/vibration.js
2019-08-07 09:11:05 +0000  copying file ./www/plugins/cordova-plugin-media/www/MediaError.js ... 
2019-08-07 09:11:05 +0000  2366 bytes for ./www/plugins/cordova-plugin-media/www/MediaError.js
2019-08-07 09:11:05 +0000  copying file ./www/plugins/cordova-plugin-media/www/Media.js ... 
2019-08-07 09:11:05 +0000  7770 bytes for ./www/plugins/cordova-plugin-media/www/Media.js
2019-08-07 09:11:05 +0000  copying file ./www/plugins/cordova-plugin-email/www/email_composer.js ... 
2019-08-07 09:11:05 +0000  5553 bytes for ./www/plugins/cordova-plugin-email/www/email_composer.js
2019-08-07 09:11:05 +0000  copying file ./www/plugins/phonegap-plugin-push/www/push.js ... 
2019-08-07 09:11:05 +0000  12363 bytes for ./www/plugins/phonegap-plugin-push/www/push.js
2019-08-07 09:11:05 +0000  copying file ./www/plugins/cordova-plugin-network-information/www/Connection.js ... 
2019-08-07 09:11:05 +0000  1169 bytes for ./www/plugins/cordova-plugin-network-information/www/Connection.js
copying file ./www/plugins/cordova-plugin-network-information/www/network.js ... 
2019-08-07 09:11:05 +0000  3463 bytes for ./www/plugins/cordova-plugin-network-information/www/network.js
2019-08-07 09:11:05 +0000  copying file ./www/plugins/cordova-plugin-device-motion/www/Acceleration.js ... 
2019-08-07 09:11:05 +0000  1139 bytes for ./www/plugins/cordova-plugin-device-motion/www/Acceleration.js
2019-08-07 09:11:05 +0000  copying file ./www/plugins/cordova-plugin-device-motion/www/accelerometer.js ... 
2019-08-07 09:11:05 +0000  7395 bytes for ./www/plugins/cordova-plugin-device-motion/www/accelerometer.js
2019-08-07 09:11:05 +0000  copying file ./www/plugins/cordova-plugin-dialogs/www/notification.js ... 
2019-08-07 09:11:05 +0000  6146 bytes for ./www/plugins/cordova-plugin-dialogs/www/notification.js
2019-08-07 09:11:05 +0000  copying file ./www/plugins/cordova-plugin-keyboard/www/keyboard.js ... 
2019-08-07 09:11:05 +0000  3179 bytes for ./www/plugins/cordova-plugin-keyboard/www/keyboard.js
2019-08-07 09:11:05 +0000  copying file ./www/plugins/cordova-plugin-camera/www/CameraPopoverOptions.js ... 
2019-08-07 09:11:05 +0000  2351 bytes for ./www/plugins/cordova-plugin-camera/www/CameraPopoverOptions.js
2019-08-07 09:11:05 +0000  copying file ./www/plugins/cordova-plugin-camera/www/ios/CameraPopoverHandle.js ... 
2019-08-07 09:11:05 +0000  2340 bytes for ./www/plugins/cordova-plugin-camera/www/ios/CameraPopoverHandle.js
2019-08-07 09:11:05 +0000  copying file ./www/plugins/cordova-plugin-camera/www/CameraConstants.js ... 
2019-08-07 09:11:05 +0000  3592 bytes for ./www/plugins/cordova-plugin-camera/www/CameraConstants.js
2019-08-07 09:11:05 +0000  copying file ./www/plugins/cordova-plugin-camera/www/Camera.js ... 
2019-08-07 09:11:05 +0000  8183 bytes for ./www/plugins/cordova-plugin-camera/www/Camera.js
2019-08-07 09:11:05 +0000  copying file ./www/plugins/cordova-plugin-battery-status/www/battery.js ... 
2019-08-07 09:11:05 +0000  4121 bytes for ./www/plugins/cordova-plugin-battery-status/www/battery.js
copying file ./www/plugins/cordova-plugin-splashscreen/www/splashscreen.js ... 
1209 bytes for ./www/plugins/cordova-plugin-splashscreen/www/splashscreen.js
2019-08-07 09:11:05 +0000  copying file ./www/js/signatureCapture.min.js ... 
2019-08-07 09:11:05 +0000  11001 bytes for ./www/js/signatureCapture.min.js
copying file ./www/js/dataload.js ... 
2019-08-07 09:11:05 +0000  33215 bytes for ./www/js/dataload.js
2019-08-07 09:11:05 +0000  copying file ./www/js/db.js ... 
2019-08-07 09:11:05 +0000  10436 bytes for ./www/js/db.js
copying file ./www/js/oData.js ... 
2019-08-07 09:11:05 +0000  818 bytes for ./www/js/oData.js
copying file ./www/js/logFileService.js ... 
2019-08-07 09:11:05 +0000  8493 bytes for ./www/js/logFileService.js
2019-08-07 09:11:05 +0000  copying file ./www/js/index.js ... 
2019-08-07 09:11:05 +0000  113841 bytes for ./www/js/index.js
copying file ./www/js/dbQueries.js ... 
2019-08-07 09:11:05 +0000  56060 bytes for ./www/js/dbQueries.js
copying file ./www/js/db.min.js ... 
2019-08-07 09:11:05 +0000  23972 bytes for ./www/js/db.min.js
copying file ./www/js/dataload.min.js ... 
2019-08-07 09:11:05 +0000  79769 bytes for ./www/js/dataload.min.js
copying file ./www/js/oData.min.js ... 
2019-08-07 09:11:05 +0000  3280 bytes for ./www/js/oData.min.js
copying file ./www/js/signatureCapture.js ... 
2019-08-07 09:11:05 +0000  3733 bytes for ./www/js/signatureCapture.js
2019-08-07 09:11:05 +0000  copying file ./www/js/dbQueries.min.js ... 
2019-08-07 09:11:05 +0000  147775 bytes for ./www/js/dbQueries.min.js
2019-08-07 09:11:05 +0000  copying file ./www/js/index.min.js ... 
2019-08-07 09:11:05 +0000  309510 bytes for ./www/js/index.min.js
2019-08-07 09:11:05 +0000  copying file ./www/js/logFileService.min.js ... 
2019-08-07 09:11:05 +0000  19146 bytes for ./www/js/logFileService.min.js
2019-08-07 09:11:05 +0000  copying file ./www/img/ICON_loader2.png ... 
2019-08-07 09:11:05 +0000  1489 bytes for ./www/img/ICON_loader2.png
2019-08-07 09:11:05 +0000  copying file ./www/img/background-interior.jpg ... 
2019-08-07 09:11:05 +0000  1294719 bytes for ./www/img/background-interior.jpg
copying file ./www/img/ICON_close.png ... 
2019-08-07 09:11:05 +0000  226 bytes for ./www/img/ICON_close.png
2019-08-07 09:11:05 +0000  copying file ./www/img/ICON_arrow_left.png ... 
2019-08-07 09:11:05 +0000  171 bytes for ./www/img/ICON_arrow_left.png
2019-08-07 09:11:05 +0000  copying file ./www/img/ICON_loader.svg ... 
2019-08-07 09:11:05 +0000  4385 bytes for ./www/img/ICON_loader.svg
2019-08-07 09:11:05 +0000  copying file ./www/img/background-splash1.png ... 
2019-08-07 09:11:05 +0000  1102483 bytes for ./www/img/background-splash1.png
copying file ./www/img/blank.png ... 
2019-08-07 09:11:05 +0000  169 bytes for ./www/img/blank.png
2019-08-07 09:11:05 +0000  copying file ./www/img/ICON_done.png ... 
556 bytes for ./www/img/ICON_done.png
copying file ./www/img/Cylinders.png ... 
2019-08-07 09:11:05 +0000  78811 bytes for ./www/img/Cylinders.png
copying file ./www/img/ICON_menu.png ... 
2019-08-07 09:11:05 +0000  141 bytes for ./www/img/ICON_menu.png
2019-08-07 09:11:05 +0000  copying file ./www/img/background-splash.png ... 
2019-08-07 09:11:05 +0000  855549 bytes for ./www/img/background-splash.png
copying file ./www/img/LOGO_Mallinckrodt-color.png ... 
2019-08-07 09:11:05 +0000  25266 bytes for ./www/img/LOGO_Mallinckrodt-color.png
copying file ./www/img/ICON_arrow.png ... 
2019-08-07 09:11:05 +0000  182 bytes for ./www/img/ICON_arrow.png
copying file ./www/img/background-interior1.png ... 
2019-08-07 09:11:05 +0000  897011 bytes for ./www/img/background-interior1.png
2019-08-07 09:11:05 +0000  copying file ./www/img/ICON_loader_light.svg ... 
2019-08-07 09:11:05 +0000  4385 bytes for ./www/img/ICON_loader_light.svg
copying file ./www/img/scroll-arrow.gif ... 
2019-08-07 09:11:05 +0000  6849 bytes for ./www/img/scroll-arrow.gif
copying file ./www/img/ICON_alert.png ... 
781 bytes for ./www/img/ICON_alert.png
copying file ./www/img/ICON_check2.png ... 
2019-08-07 09:11:05 +0000  206 bytes for ./www/img/ICON_check2.png
copying file ./www/img/ICON_clearX.png ... 
2019-08-07 09:11:05 +0000  1061 bytes for ./www/img/ICON_clearX.png
2019-08-07 09:11:05 +0000  copying file ./www/img/ICON_flag.png ... 
2019-08-07 09:11:05 +0000  574 bytes for ./www/img/ICON_flag.png
copying file ./www/img/ICON_check.png ... 
2019-08-07 09:11:05 +0000  416 bytes for ./www/img/ICON_check.png
2019-08-07 09:11:05 +0000  copying file ./www/img/ICON_delete.png ... 
2019-08-07 09:11:05 +0000  898 bytes for ./www/img/ICON_delete.png
copying file ./www/img/LOGO_Mallinckrodt-color1.png ... 
2019-08-07 09:11:05 +0000  32649 bytes for ./www/img/LOGO_Mallinckrodt-color1.png
copying file ./www/img/ICON_pen.png ... 
2019-08-07 09:11:05 +0000  336 bytes for ./www/img/ICON_pen.png
2019-08-07 09:11:05 +0000  copying file ./www/components/jquery/jquery.mobile-1.4.5.min.js ... 
2019-08-07 09:11:05 +0000  200102 bytes for ./www/components/jquery/jquery.mobile-1.4.5.min.js
2019-08-07 09:11:05 +0000  copying file ./www/components/jquery/jquery.min.js ... 
2019-08-07 09:11:05 +0000  97185 bytes for ./www/components/jquery/jquery.min.js
2019-08-07 09:11:05 +0000  copying file ./www/components/modernizr/modernizr.js ... 
2019-08-07 09:11:05 +0000  52770 bytes for ./www/components/modernizr/modernizr.js
2019-08-07 09:11:05 +0000  copying file ./www/cordova-js-src/exec.js ... 
2019-08-07 09:11:05 +0000  9139 bytes for ./www/cordova-js-src/exec.js
2019-08-07 09:11:05 +0000  copying file ./www/cordova-js-src/plugin/ios/logger.js ... 
2019-08-07 09:11:05 +0000  10587 bytes for ./www/cordova-js-src/plugin/ios/logger.js
copying file ./www/cordova-js-src/plugin/ios/console.js ... 
2019-08-07 09:11:05 +0000  7008 bytes for ./www/cordova-js-src/plugin/ios/console.js
2019-08-07 09:11:05 +0000  copying file ./www/cordova-js-src/platform.js ... 
1199 bytes for ./www/cordova-js-src/platform.js
copying file ./www/icons/icomoon.ttf ... 
2336 bytes for ./www/icons/icomoon.ttf
2019-08-07 09:11:05 +0000  copying file ./www/icons/icomoon.woff ... 
2019-08-07 09:11:05 +0000  2412 bytes for ./www/icons/icomoon.woff
2019-08-07 09:11:05 +0000  copying file ./www/icons/icomoon.eot ... 
2500 bytes for ./www/icons/icomoon.eot
copying file ./www/icons/icomoon.svg ... 
2019-08-07 09:11:05 +0000  5690 bytes for ./www/icons/icomoon.svg
2019-08-07 09:11:05 +0000  copying file ./www/cordova_plugins.js ... 
12997 bytes for ./www/cordova_plugins.js
2019-08-07 09:11:05 +0000  copying file ./www/fonts/EYInterstate/interstate.ttf ... 
2019-08-07 09:11:05 +0000  151852 bytes for ./www/fonts/EYInterstate/interstate.ttf
copying file ./www/fonts/EYInterstate/interstate-Light.eot ... 
2019-08-07 09:11:05 +0000  151952 bytes for ./www/fonts/EYInterstate/interstate-Light.eot
2019-08-07 09:11:05 +0000  copying file ./www/fonts/EYInterstate/interstate-Bold.eot ... 
2019-08-07 09:11:05 +0000  142276 bytes for ./www/fonts/EYInterstate/interstate-Bold.eot
copying file ./www/fonts/EYInterstate/interstate-Light.ttf ... 
2019-08-07 09:11:05 +0000  151756 bytes for ./www/fonts/EYInterstate/interstate-Light.ttf
copying file ./www/fonts/EYInterstate/interstate.eot ... 
2019-08-07 09:11:05 +0000  152048 bytes for ./www/fonts/EYInterstate/interstate.eot
2019-08-07 09:11:05 +0000  copying file ./www/fonts/EYInterstate/interstate-Bold.ttf ... 
2019-08-07 09:11:05 +0000  142080 bytes for ./www/fonts/EYInterstate/interstate-Bold.ttf
2019-08-07 09:11:05 +0000  copying file ./www/fonts/EYInterstate/interstate.css ... 
2019-08-07 09:11:05 +0000  905 bytes for ./www/fonts/EYInterstate/interstate.css
2019-08-07 09:11:05 +0000  copying file ./www/fonts/EYInterstate/interstate-Light.xml ... 
2019-08-07 09:11:05 +0000  362190 bytes for ./www/fonts/EYInterstate/interstate-Light.xml
copying file ./www/fonts/EYInterstate/interstate.woff ... 
2019-08-07 09:11:05 +0000  78985 bytes for ./www/fonts/EYInterstate/interstate.woff
copying file ./www/fonts/EYInterstate/interstate-Bold.xml ... 
2019-08-07 09:11:05 +0000  362765 bytes for ./www/fonts/EYInterstate/interstate-Bold.xml
2019-08-07 09:11:05 +0000  copying file ./www/fonts/EYInterstate/interstate.xml ... 
2019-08-07 09:11:05 +0000  363098 bytes for ./www/fonts/EYInterstate/interstate.xml
copying file ./www/fonts/EYInterstate/license.txt ... 
2019-08-07 09:11:05 +0000  38202 bytes for ./www/fonts/EYInterstate/license.txt
2019-08-07 09:11:05 +0000  copying file ./www/fonts/EYInterstate/interstate-Light.woff ... 
75720 bytes for ./www/fonts/EYInterstate/interstate-Light.woff
copying file ./www/fonts/EYInterstate/interstate-Bold.woff ... 
72072 bytes for ./www/fonts/EYInterstate/interstate-Bold.woff
copying file ./www/fonts/OpenSans/OpenSans-SemiBold.ttf ... 
2019-08-07 09:11:05 +0000  221164 bytes for ./www/fonts/OpenSans/OpenSans-SemiBold.ttf
2019-08-07 09:11:05 +0000  copying file ./www/fonts/OpenSans/OpenSans-Light.ttf ... 
2019-08-07 09:11:05 +0000  222236 bytes for ./www/fonts/OpenSans/OpenSans-Light.ttf
copying file ./www/fonts/OpenSans/OpenSans-Italic.ttf ... 
2019-08-07 09:11:05 +0000  212760 bytes for ./www/fonts/OpenSans/OpenSans-Italic.ttf
copying file ./www/fonts/OpenSans/OpenSans-ExtraBold.ttf ... 
2019-08-07 09:11:05 +0000  222424 bytes for ./www/fonts/OpenSans/OpenSans-ExtraBold.ttf
2019-08-07 09:11:05 +0000  copying file ./www/fonts/OpenSans/OpenSans-LightItalic.ttf ... 
2019-08-07 09:11:05 +0000  213024 bytes for ./www/fonts/OpenSans/OpenSans-LightItalic.ttf
copying file ./www/fonts/OpenSans/OpenSans-Bold.ttf ... 
2019-08-07 09:11:05 +0000  224452 bytes for ./www/fonts/OpenSans/OpenSans-Bold.ttf
copying file ./www/fonts/OpenSans/OpenSans-SemiBoldItalic.ttf ... 
2019-08-07 09:11:05 +0000  212732 bytes for ./www/fonts/OpenSans/OpenSans-SemiBoldItalic.ttf
2019-08-07 09:11:05 +0000  copying file ./www/fonts/OpenSans/OpenSans-ExtraBoldItalic.ttf ... 
2019-08-07 09:11:05 +0000  213336 bytes for ./www/fonts/OpenSans/OpenSans-ExtraBoldItalic.ttf
2019-08-07 09:11:05 +0000  copying file ./www/fonts/OpenSans/OpenSans-Regular.ttf ... 
2019-08-07 09:11:05 +0000  217276 bytes for ./www/fonts/OpenSans/OpenSans-Regular.ttf
2019-08-07 09:11:05 +0000  copying file ./www/fonts/OpenSans/OpenSans-BoldItalic.ttf ... 
2019-08-07 09:11:05 +0000  213168 bytes for ./www/fonts/OpenSans/OpenSans-BoldItalic.ttf
2019-08-07 09:11:05 +0000  copying file ./LaunchImage-Landscape~ipad.png ... 
2019-08-07 09:11:05 +0000  746029 bytes for ./LaunchImage-Landscape~ipad.png
copying file ./LaunchImage-700-Portrait~ipad.png ... 
2019-08-07 09:11:05 +0000  421865 bytes for ./LaunchImage-700-Portrait~ipad.png
2019-08-07 09:11:05 +0000  copying file ./Assets.car ... 
2019-08-07 09:11:05 +0000  296504 bytes for ./Assets.car
copying file ./AppIcon40x40@2x~ipad.png ... 
2019-08-07 09:11:05 +0000  5005 bytes for ./AppIcon40x40@2x~ipad.png
2019-08-07 09:11:05 +0000  copying file ./AppIcon76x76@2x~ipad.png ... 
2019-08-07 09:11:05 +0000  13283 bytes for ./AppIcon76x76@2x~ipad.png
copying file ./LaunchImage-800-Portrait-736h@3x.png ... 
2019-08-07 09:11:05 +0000  1095220 bytes for ./LaunchImage-800-Portrait-736h@3x.png
copying file ./AppIcon72x72~ipad.png ... 
2019-08-07 09:11:05 +0000  4991 bytes for ./AppIcon72x72~ipad.png
2019-08-07 09:11:05 +0000  copying file ./CDVLaunchScreen.storyboardc/01J-lp-oVM-view-Ze5-6b-2t3.nib ... 
2282 bytes for ./CDVLaunchScreen.storyboardc/01J-lp-oVM-view-Ze5-6b-2t3.nib
copying file ./CDVLaunchScreen.storyboardc/UIViewController-01J-lp-oVM.nib ... 
832 bytes for ./CDVLaunchScreen.storyboardc/UIViewController-01J-lp-oVM.nib
copying file ./CDVLaunchScreen.storyboardc/Info.plist ... 
258 bytes for ./CDVLaunchScreen.storyboardc/Info.plist
2019-08-07 09:11:05 +0000  copying file ./MNKMobile ... 
2019-08-07 09:11:05 +0000  4347024 bytes for ./MNKMobile
copying file ./LaunchImage-700@2x.png ... 
2019-08-07 09:11:05 +0000  300498 bytes for ./LaunchImage-700@2x.png
2019-08-07 09:11:05 +0000  copying file ./AppIcon83.5x83.5@2x~ipad.png ... 
2019-08-07 09:11:05 +0000  14312 bytes for ./AppIcon83.5x83.5@2x~ipad.png
copying file ./LaunchImage-700-568h@2x.png ... 
2019-08-07 09:11:05 +0000  439634 bytes for ./LaunchImage-700-568h@2x.png
2019-08-07 09:11:05 +0000  copying file ./LaunchImage-Landscape@2x~ipad.png ... 
2019-08-07 09:11:05 +0000  2988338 bytes for ./LaunchImage-Landscape@2x~ipad.png
2019-08-07 09:11:05 +0000  copying file ./CDVNotification.bundle/beep.wav ... 
2019-08-07 09:11:05 +0000  8114 bytes for ./CDVNotification.bundle/beep.wav
2019-08-07 09:11:05 +0000  copying file ./AppIcon50x50~ipad.png ... 
2816 bytes for ./AppIcon50x50~ipad.png
copying file ./AppIcon29x29@2x~ipad.png ... 
3490 bytes for ./AppIcon29x29@2x~ipad.png
copying file ./LaunchImage-700-Landscape@2x~ipad.png ... 
2019-08-07 09:11:05 +0000  2988338 bytes for ./LaunchImage-700-Landscape@2x~ipad.png
2019-08-07 09:11:05 +0000  copying file ./AppIcon50x50@2x~ipad.png ... 
2019-08-07 09:11:05 +0000  6798 bytes for ./AppIcon50x50@2x~ipad.png
copying file ./AppIcon40x40~ipad.png ... 
2019-08-07 09:11:05 +0000  2013 bytes for ./AppIcon40x40~ipad.png
copying file ./AppIcon20x20~ipad.png ... 
2019-08-07 09:11:05 +0000  801 bytes for ./AppIcon20x20~ipad.png
2019-08-07 09:11:05 +0000  copying file ./LaunchImage.png ... 
81684 bytes for ./LaunchImage.png
copying file ./embedded.mobileprovision ... 
16126 bytes for ./embedded.mobileprovision
copying file ./LaunchImage-800-Landscape-736h@3x.png ... 
2019-08-07 09:11:05 +0000  3475668 bytes for ./LaunchImage-800-Landscape-736h@3x.png
copying file ./LaunchImage-700-Portrait@2x~ipad.png ... 
2019-08-07 09:11:05 +0000  1638108 bytes for ./LaunchImage-700-Portrait@2x~ipad.png
copying file ./LaunchImage-700-Landscape~ipad.png ... 
2019-08-07 09:11:05 +0000  746029 bytes for ./LaunchImage-700-Landscape~ipad.png
2019-08-07 09:11:05 +0000  copying file ./CDVCapture.bundle/de.lproj/Localizable.strings ... 
2019-08-07 09:11:05 +0000  1244 bytes for ./CDVCapture.bundle/de.lproj/Localizable.strings
2019-08-07 09:11:05 +0000  copying file ./CDVCapture.bundle/microphone@2x.png ... 
2019-08-07 09:11:05 +0000  282409 bytes for ./CDVCapture.bundle/microphone@2x.png
copying file ./CDVCapture.bundle/microphone@2x~ipad.png ... 
2019-08-07 09:11:05 +0000  911582 bytes for ./CDVCapture.bundle/microphone@2x~ipad.png
2019-08-07 09:11:05 +0000  copying file ./CDVCapture.bundle/en.lproj/Localizable.strings ... 
1222 bytes for ./CDVCapture.bundle/en.lproj/Localizable.strings
copying file ./CDVCapture.bundle/recording_bg~ipad.png ... 
996 bytes for ./CDVCapture.bundle/recording_bg~ipad.png
copying file ./CDVCapture.bundle/controls_bg~ipad.png ... 
2019-08-07 09:11:05 +0000  969 bytes for ./CDVCapture.bundle/controls_bg~ipad.png
2019-08-07 09:11:05 +0000  copying file ./CDVCapture.bundle/es.lproj/Localizable.strings ... 
2019-08-07 09:11:05 +0000  1235 bytes for ./CDVCapture.bundle/es.lproj/Localizable.strings
2019-08-07 09:11:05 +0000  copying file ./CDVCapture.bundle/controls_bg.png ... 
2019-08-07 09:11:05 +0000  955 bytes for ./CDVCapture.bundle/controls_bg.png
2019-08-07 09:11:05 +0000  copying file ./CDVCapture.bundle/record_button.png ... 
2019-08-07 09:11:05 +0000  5852 bytes for ./CDVCapture.bundle/record_button.png
2019-08-07 09:11:05 +0000  copying file ./CDVCapture.bundle/controls_bg@2x~ipad.png ... 
2019-08-07 09:11:05 +0000  2858 bytes for ./CDVCapture.bundle/controls_bg@2x~ipad.png
2019-08-07 09:11:05 +0000  copying file ./CDVCapture.bundle/microphone.png ... 
2019-08-07 09:11:05 +0000  72226 bytes for ./CDVCapture.bundle/microphone.png
copying file ./CDVCapture.bundle/microphone-568h@2x~iphone.png ... 
2019-08-07 09:11:05 +0000  531673 bytes for ./CDVCapture.bundle/microphone-568h@2x~iphone.png
2019-08-07 09:11:05 +0000  copying file ./CDVCapture.bundle/stop_button@2x~ipad.png ... 
2019-08-07 09:11:05 +0000  14474 bytes for ./CDVCapture.bundle/stop_button@2x~ipad.png
copying file ./CDVCapture.bundle/stop_button@2x.png ... 
2019-08-07 09:11:05 +0000  12965 bytes for ./CDVCapture.bundle/stop_button@2x.png
copying file ./CDVCapture.bundle/stop_button.png ... 
2019-08-07 09:11:05 +0000  5514 bytes for ./CDVCapture.bundle/stop_button.png
2019-08-07 09:11:05 +0000  copying file ./CDVCapture.bundle/se.lproj/Localizable.strings ... 
1224 bytes for ./CDVCapture.bundle/se.lproj/Localizable.strings
copying file ./CDVCapture.bundle/recording_bg@2x~ipad.png ... 
2019-08-07 09:11:05 +0000  1026 bytes for ./CDVCapture.bundle/recording_bg@2x~ipad.png
2019-08-07 09:11:05 +0000  copying file ./CDVCapture.bundle/controls_bg@2x.png ... 
2019-08-07 09:11:05 +0000  971 bytes for ./CDVCapture.bundle/controls_bg@2x.png
2019-08-07 09:11:05 +0000  copying file ./CDVCapture.bundle/record_button@2x.png ... 
2019-08-07 09:11:05 +0000  13875 bytes for ./CDVCapture.bundle/record_button@2x.png
2019-08-07 09:11:05 +0000  copying file ./CDVCapture.bundle/recording_bg.png ... 
2019-08-07 09:11:05 +0000  973 bytes for ./CDVCapture.bundle/recording_bg.png
2019-08-07 09:11:05 +0000  copying file ./CDVCapture.bundle/record_button@2x~ipad.png ... 
2019-08-07 09:11:05 +0000  15822 bytes for ./CDVCapture.bundle/record_button@2x~ipad.png
2019-08-07 09:11:05 +0000  copying file ./CDVCapture.bundle/record_button~ipad.png ... 
2019-08-07 09:11:05 +0000  7547 bytes for ./CDVCapture.bundle/record_button~ipad.png
2019-08-07 09:11:05 +0000  copying file ./CDVCapture.bundle/stop_button~ipad.png ... 
2019-08-07 09:11:05 +0000  7119 bytes for ./CDVCapture.bundle/stop_button~ipad.png
copying file ./CDVCapture.bundle/microphone~ipad.png ... 
2019-08-07 09:11:05 +0000  393975 bytes for ./CDVCapture.bundle/microphone~ipad.png
copying file ./CDVCapture.bundle/recording_bg@2x.png ... 
2019-08-07 09:11:05 +0000  990 bytes for ./CDVCapture.bundle/recording_bg@2x.png
2019-08-07 09:11:05 +0000  copying file ./AppIcon20x20@2x~ipad.png ... 
2019-08-07 09:11:05 +0000  2013 bytes for ./AppIcon20x20@2x~ipad.png
2019-08-07 09:11:05 +0000  copying file ./Info.plist ... 
2019-08-07 09:11:05 +0000  2305 bytes for ./Info.plist
2019-08-07 09:11:05 +0000  copying file ./PkgInfo ... 
2019-08-07 09:11:05 +0000  8 bytes for ./PkgInfo
copying file ./AppIcon76x76~ipad.png ... 
2019-08-07 09:11:05 +0000  4864 bytes for ./AppIcon76x76~ipad.png
2019-08-07 09:11:05 +0000  /usr/bin/ditto exited with 0
2019-08-07 09:11:05 +0000  Processing step: IDEDistributionEmbedProfileStep
2019-08-07 09:11:05 +0000  Processing step: IDEDistributionAppThinningPlistStep
2019-08-07 09:11:05 +0000  Skipping step: IDEDistributionAppThinningPlistStep because it said so
2019-08-07 09:11:05 +0000  Processing step: IDEDistributionCompileBitcodeStep
2019-08-07 09:11:05 +0000  Skipping step: IDEDistributionCompileBitcodeStep because it said so
2019-08-07 09:11:05 +0000  Processing step: IDEDistributionCodeSlimmingStep
2019-08-07 09:11:05 +0000  Processing step: IDEDistributionCopyBCSymbolMapsStep
2019-08-07 09:11:05 +0000  Skipping step: IDEDistributionCopyBCSymbolMapsStep because it said so
2019-08-07 09:11:05 +0000  Processing step: IDEDistributionSymbolsStep
2019-08-07 09:11:05 +0000  Skipping step: IDEDistributionSymbolsStep because it said so
2019-08-07 09:11:05 +0000  Processing step: IDEDistributionAppThinningStep
2019-08-07 09:11:06 +0000  Skipping step: IDEDistributionAppThinningStep because it said so
2019-08-07 09:11:06 +0000  Processing step: IDEDistributionArchThinningStep
2019-08-07 09:11:06 +0000  Running /Users/sandeepmohite/Downloads/Xcode 2.app/Contents/Developer/Toolchains/XcodeDefault.xctoolchain/usr/bin/lipo '/var/folders/h2/7x_ydhzd3_131ccls56x7jhw0000gn/T/XcodeDistPipeline.~~~gchAIz/Root/Payload/MNKMobile.app/MNKMobile' '-verify_arch' 'arm64e'
2019-08-07 09:11:06 +0000  /Users/sandeepmohite/Downloads/Xcode 2.app/Contents/Developer/Toolchains/XcodeDefault.xctoolchain/usr/bin/lipo exited with 1
2019-08-07 09:11:06 +0000  Skipping architecture thinning for item "MNKMobile" because arch "arm64e" wasn't found
2019-08-07 09:11:06 +0000  Processing step: IDEDistributionODRStep
2019-08-07 09:11:06 +0000  Processing step: IDEDistributionStripXattrsStep
2019-08-07 09:11:06 +0000  Running /usr/bin/xattr '-crs' '/var/folders/h2/7x_ydhzd3_131ccls56x7jhw0000gn/T/XcodeDistPipeline.~~~gchAIz/Root/Payload/MNKMobile.app'
2019-08-07 09:11:06 +0000  /usr/bin/xattr exited with 0
2019-08-07 09:11:06 +0000  Processing step: IDEDistributionCodesignStep
2019-08-07 09:11:06 +0000  Entitlements for <IDEDistributionItem: 0x7f8e1b0fa9b0 'com.kpit.mnkmobile' '<DVTFilePath:0x7f8e2bc9ebf0:'/Users/sandeepmohite/Library/Developer/Xcode/Archives/2019-08-07/MNKMobile 07-08-19, 2.38 PM.xcarchive/Products/Applications/MNKMobile.app'>'>: {
    "application-identifier" = "TJUL2RZLSX.com.kpit.mnkmobile";
    "aps-environment" = production;
    "com.apple.developer.team-identifier" = TJUL2RZLSX;
    "get-task-allow" = 0;
}
2019-08-07 09:11:06 +0000  Writing entitlements for <IDEDistributionItem: 0x7f8e1b0fa9b0 'com.kpit.mnkmobile' '<DVTFilePath:0x7f8e2bc9ebf0:'/Users/sandeepmohite/Library/Developer/Xcode/Archives/2019-08-07/MNKMobile 07-08-19, 2.38 PM.xcarchive/Products/Applications/MNKMobile.app'>'> to: /var/folders/h2/7x_ydhzd3_131ccls56x7jhw0000gn/T/XcodeDistPipeline.~~~gchAIz/entitlements~~~mEwadC
2019-08-07 09:11:06 +0000  Running /usr/bin/codesign '-vvv' '--force' '--sign' 'ACB2981F63B14AC657C6EE23158D45B9EDF11A2A' '--entitlements' '/var/folders/h2/7x_ydhzd3_131ccls56x7jhw0000gn/T/XcodeDistPipeline.~~~gchAIz/entitlements~~~mEwadC' '--preserve-metadata=identifier,flags,runtime' '/var/folders/h2/7x_ydhzd3_131ccls56x7jhw0000gn/T/XcodeDistPipeline.~~~gchAIz/Root/Payload/MNKMobile.app'
2019-08-07 09:11:06 +0000  /var/folders/h2/7x_ydhzd3_131ccls56x7jhw0000gn/T/XcodeDistPipeline.~~~gchAIz/Root/Payload/MNKMobile.app: replacing existing signature
2019-08-07 09:11:07 +0000  /var/folders/h2/7x_ydhzd3_131ccls56x7jhw0000gn/T/XcodeDistPipeline.~~~gchAIz/Root/Payload/MNKMobile.app: signed app bundle with Mach-O universal (armv7 arm64) [com.kpit.mnkmobile]
2019-08-07 09:11:07 +0000  /usr/bin/codesign exited with 0
2019-08-07 09:11:07 +0000  Processing step: IDEDistributionZipODRItemStep
2019-08-07 09:11:07 +0000  Skipping step: IDEDistributionZipODRItemStep because it said so
2019-08-07 09:11:07 +0000  Processing step: IDEDistributionCreateIPAStep
2019-08-07 09:11:07 +0000  Running /usr/bin/ditto '-V' '-c' '-k' '--norsrc' '/var/folders/h2/7x_ydhzd3_131ccls56x7jhw0000gn/T/XcodeDistPipeline.~~~gchAIz/Root' '/var/folders/h2/7x_ydhzd3_131ccls56x7jhw0000gn/T/XcodeDistPipeline.~~~gchAIz/Packages/MNKMobile.ipa'
2019-08-07 09:11:07 +0000  >>> Copying /var/folders/h2/7x_ydhzd3_131ccls56x7jhw0000gn/T/XcodeDistPipeline.~~~gchAIz/Root 
2019-08-07 09:11:07 +0000  copying file ./Payload/MNKMobile.app/_CodeSignature/CodeResources ... 
2019-08-07 09:11:07 +0000  71629 bytes for ./Payload/MNKMobile.app/_CodeSignature/CodeResources
2019-08-07 09:11:07 +0000  copying file ./Payload/MNKMobile.app/LaunchImage-1100-Portrait-2436h@3x.png ... 
2019-08-07 09:11:07 +0000  905868 bytes for ./Payload/MNKMobile.app/LaunchImage-1100-Portrait-2436h@3x.png
copying file ./Payload/MNKMobile.app/LaunchImage@2x.png ... 
2019-08-07 09:11:07 +0000  300498 bytes for ./Payload/MNKMobile.app/LaunchImage@2x.png
copying file ./Payload/MNKMobile.app/AppIcon20x20@2x.png ... 
2019-08-07 09:11:07 +0000  2013 bytes for ./Payload/MNKMobile.app/AppIcon20x20@2x.png
copying file ./Payload/MNKMobile.app/MainViewController.nib ... 
943 bytes for ./Payload/MNKMobile.app/MainViewController.nib
copying file ./Payload/MNKMobile.app/AppIcon57x57.png ... 
3341 bytes for ./Payload/MNKMobile.app/AppIcon57x57.png
copying file ./Payload/MNKMobile.app/AppIcon20x20@3x.png ... 
3902 bytes for ./Payload/MNKMobile.app/AppIcon20x20@3x.png
copying file ./Payload/MNKMobile.app/AppIcon29x29.png ... 
2019-08-07 09:11:07 +0000  1190 bytes for ./Payload/MNKMobile.app/AppIcon29x29.png
2019-08-07 09:11:07 +0000  copying file ./Payload/MNKMobile.app/LaunchImage-568h@2x.png ... 
2019-08-07 09:11:07 +0000  439634 bytes for ./Payload/MNKMobile.app/LaunchImage-568h@2x.png
copying file ./Payload/MNKMobile.app/AppIcon60x60@2x.png ... 
2019-08-07 09:11:07 +0000  9991 bytes for ./Payload/MNKMobile.app/AppIcon60x60@2x.png
copying file ./Payload/MNKMobile.app/AppIcon72x72@2x~ipad.png ... 
12947 bytes for ./Payload/MNKMobile.app/AppIcon72x72@2x~ipad.png
copying file ./Payload/MNKMobile.app/AppIcon29x29@2x.png ... 
3490 bytes for ./Payload/MNKMobile.app/AppIcon29x29@2x.png
2019-08-07 09:11:07 +0000  copying file ./Payload/MNKMobile.app/LaunchImage-1100-Landscape-2436h@3x.png ... 
2019-08-07 09:11:07 +0000  3476619 bytes for ./Payload/MNKMobile.app/LaunchImage-1100-Landscape-2436h@3x.png
copying file ./Payload/MNKMobile.app/LaunchImage-800-667h@2x.png ... 
2019-08-07 09:11:07 +0000  427671 bytes for ./Payload/MNKMobile.app/LaunchImage-800-667h@2x.png
copying file ./Payload/MNKMobile.app/LaunchImage-Portrait@2x~ipad.png ... 
2019-08-07 09:11:07 +0000  1638108 bytes for ./Payload/MNKMobile.app/LaunchImage-Portrait@2x~ipad.png
copying file ./Payload/MNKMobile.app/AppIcon40x40@3x.png ... 
2019-08-07 09:11:07 +0000  9991 bytes for ./Payload/MNKMobile.app/AppIcon40x40@3x.png
copying file ./Payload/MNKMobile.app/AppIcon57x57@2x.png ... 
7536 bytes for ./Payload/MNKMobile.app/AppIcon57x57@2x.png
copying file ./Payload/MNKMobile.app/AppIcon29x29~ipad.png ... 
1190 bytes for ./Payload/MNKMobile.app/AppIcon29x29~ipad.png
copying file ./Payload/MNKMobile.app/AppIcon40x40@2x.png ... 
5005 bytes for ./Payload/MNKMobile.app/AppIcon40x40@2x.png
copying file ./Payload/MNKMobile.app/LaunchImage-Portrait~ipad.png ... 
2019-08-07 09:11:07 +0000  421865 bytes for ./Payload/MNKMobile.app/LaunchImage-Portrait~ipad.png
2019-08-07 09:11:07 +0000  copying file ./Payload/MNKMobile.app/AppIcon29x29@3x.png ... 
5999 bytes for ./Payload/MNKMobile.app/AppIcon29x29@3x.png
copying file ./Payload/MNKMobile.app/AppIcon60x60@3x.png ... 
12725 bytes for ./Payload/MNKMobile.app/AppIcon60x60@3x.png
copying file ./Payload/MNKMobile.app/config.xml ... 
4510 bytes for ./Payload/MNKMobile.app/config.xml
copying file ./Payload/MNKMobile.app/www/index.html ... 
2019-08-07 09:11:07 +0000  50459 bytes for ./Payload/MNKMobile.app/www/index.html
copying file ./Payload/MNKMobile.app/www/cordova.js ... 
2019-08-07 09:11:07 +0000  80554 bytes for ./Payload/MNKMobile.app/www/cordova.js
2019-08-07 09:11:07 +0000  copying file ./Payload/MNKMobile.app/www/css/style.min.css ... 
2019-08-07 09:11:07 +0000  600358 bytes for ./Payload/MNKMobile.app/www/css/style.min.css
2019-08-07 09:11:07 +0000  copying file ./Payload/MNKMobile.app/www/plugins/cordova-plugin-file/www/requestFileSystem.js ... 
3328 bytes for ./Payload/MNKMobile.app/www/plugins/cordova-plugin-file/www/requestFileSystem.js
copying file ./Payload/MNKMobile.app/www/plugins/cordova-plugin-file/www/DirectoryEntry.js ... 
4801 bytes for ./Payload/MNKMobile.app/www/plugins/cordova-plugin-file/www/DirectoryEntry.js
copying file ./Payload/MNKMobile.app/www/plugins/cordova-plugin-file/www/FileSystem.js ... 
2018 bytes for ./Payload/MNKMobile.app/www/plugins/cordova-plugin-file/www/FileSystem.js
copying file ./Payload/MNKMobile.app/www/plugins/cordova-plugin-file/www/Flags.js ... 
2019-08-07 09:11:07 +0000  1375 bytes for ./Payload/MNKMobile.app/www/plugins/cordova-plugin-file/www/Flags.js
copying file ./Payload/MNKMobile.app/www/plugins/cordova-plugin-file/www/fileSystemPaths.js ... 
2019-08-07 09:11:07 +0000  2613 bytes for ./Payload/MNKMobile.app/www/plugins/cordova-plugin-file/www/fileSystemPaths.js
copying file ./Payload/MNKMobile.app/www/plugins/cordova-plugin-file/www/FileEntry.js ... 
2019-08-07 09:11:07 +0000  3518 bytes for ./Payload/MNKMobile.app/www/plugins/cordova-plugin-file/www/FileEntry.js
copying file ./Payload/MNKMobile.app/www/plugins/cordova-plugin-file/www/fileSystems.js ... 
2019-08-07 09:11:07 +0000  1075 bytes for ./Payload/MNKMobile.app/www/plugins/cordova-plugin-file/www/fileSystems.js
2019-08-07 09:11:07 +0000  copying file ./Payload/MNKMobile.app/www/plugins/cordova-plugin-file/www/DirectoryReader.js ... 
2019-08-07 09:11:07 +0000  2799 bytes for ./Payload/MNKMobile.app/www/plugins/cordova-plugin-file/www/DirectoryReader.js
copying file ./Payload/MNKMobile.app/www/plugins/cordova-plugin-file/www/Metadata.js ... 
2019-08-07 09:11:07 +0000  1531 bytes for ./Payload/MNKMobile.app/www/plugins/cordova-plugin-file/www/Metadata.js
2019-08-07 09:11:07 +0000  copying file ./Payload/MNKMobile.app/www/plugins/cordova-plugin-file/www/ios/FileSystem.js ... 
2019-08-07 09:11:07 +0000  1254 bytes for ./Payload/MNKMobile.app/www/plugins/cordova-plugin-file/www/ios/FileSystem.js
2019-08-07 09:11:07 +0000  copying file ./Payload/MNKMobile.app/www/plugins/cordova-plugin-file/www/browser/isChrome.js ... 
2019-08-07 09:11:07 +0000  1235 bytes for ./Payload/MNKMobile.app/www/plugins/cordova-plugin-file/www/browser/isChrome.js
2019-08-07 09:11:07 +0000  copying file ./Payload/MNKMobile.app/www/plugins/cordova-plugin-file/www/LocalFileSystem.js ... 
2019-08-07 09:11:07 +0000  983 bytes for ./Payload/MNKMobile.app/www/plugins/cordova-plugin-file/www/LocalFileSystem.js
copying file ./Payload/MNKMobile.app/www/plugins/cordova-plugin-file/www/FileReader.js ... 
2019-08-07 09:11:07 +0000  10824 bytes for ./Payload/MNKMobile.app/www/plugins/cordova-plugin-file/www/FileReader.js
copying file ./Payload/MNKMobile.app/www/plugins/cordova-plugin-file/www/fileSystems-roots.js ... 
2019-08-07 09:11:07 +0000  1645 bytes for ./Payload/MNKMobile.app/www/plugins/cordova-plugin-file/www/fileSystems-roots.js
copying file ./Payload/MNKMobile.app/www/plugins/cordova-plugin-file/www/FileUploadOptions.js ... 
2019-08-07 09:11:07 +0000  1875 bytes for ./Payload/MNKMobile.app/www/plugins/cordova-plugin-file/www/FileUploadOptions.js
copying file ./Payload/MNKMobile.app/www/plugins/cordova-plugin-file/www/FileWriter.js ... 
2019-08-07 09:11:07 +0000  10871 bytes for ./Payload/MNKMobile.app/www/plugins/cordova-plugin-file/www/FileWriter.js
copying file ./Payload/MNKMobile.app/www/plugins/cordova-plugin-file/www/FileError.js ... 
2019-08-07 09:11:07 +0000  1532 bytes for ./Payload/MNKMobile.app/www/plugins/cordova-plugin-file/www/FileError.js
2019-08-07 09:11:07 +0000  copying file ./Payload/MNKMobile.app/www/plugins/cordova-plugin-file/www/FileUploadResult.js ... 
1144 bytes for ./Payload/MNKMobile.app/www/plugins/cordova-plugin-file/www/FileUploadResult.js
2019-08-07 09:11:07 +0000  copying file ./Payload/MNKMobile.app/www/plugins/cordova-plugin-file/www/ProgressEvent.js ... 
2019-08-07 09:11:07 +0000  2614 bytes for ./Payload/MNKMobile.app/www/plugins/cordova-plugin-file/www/ProgressEvent.js
copying file ./Payload/MNKMobile.app/www/plugins/cordova-plugin-file/www/File.js ... 
2019-08-07 09:11:07 +0000  2795 bytes for ./Payload/MNKMobile.app/www/plugins/cordova-plugin-file/www/File.js
copying file ./Payload/MNKMobile.app/www/plugins/cordova-plugin-file/www/resolveLocalFileSystemURI.js ... 
2019-08-07 09:11:07 +0000  4419 bytes for ./Payload/MNKMobile.app/www/plugins/cordova-plugin-file/www/resolveLocalFileSystemURI.js
copying file ./Payload/MNKMobile.app/www/plugins/cordova-plugin-file/www/Entry.js ... 
2019-08-07 09:11:07 +0000  10132 bytes for ./Payload/MNKMobile.app/www/plugins/cordova-plugin-file/www/Entry.js
2019-08-07 09:11:07 +0000  copying file ./Payload/MNKMobile.app/www/plugins/cordova-plugin-device/www/device.js ... 
2019-08-07 09:11:07 +0000  3156 bytes for ./Payload/MNKMobile.app/www/plugins/cordova-plugin-device/www/device.js
2019-08-07 09:11:07 +0000  copying file ./Payload/MNKMobile.app/www/plugins/cordova-plugin-geolocation/www/geolocation.js ... 
2019-08-07 09:11:07 +0000  8874 bytes for ./Payload/MNKMobile.app/www/plugins/cordova-plugin-geolocation/www/geolocation.js
copying file ./Payload/MNKMobile.app/www/plugins/cordova-plugin-geolocation/www/PositionError.js ... 
2019-08-07 09:11:07 +0000  1418 bytes for ./Payload/MNKMobile.app/www/plugins/cordova-plugin-geolocation/www/PositionError.js
2019-08-07 09:11:07 +0000  copying file ./Payload/MNKMobile.app/www/plugins/cordova-plugin-geolocation/www/Coordinates.js ... 
2019-08-07 09:11:07 +0000  2148 bytes for ./Payload/MNKMobile.app/www/plugins/cordova-plugin-geolocation/www/Coordinates.js
copying file ./Payload/MNKMobile.app/www/plugins/cordova-plugin-geolocation/www/Position.js ... 
2019-08-07 09:11:07 +0000  1395 bytes for ./Payload/MNKMobile.app/www/plugins/cordova-plugin-geolocation/www/Position.js
2019-08-07 09:11:07 +0000  copying file ./Payload/MNKMobile.app/www/plugins/cordova-plugin-device-orientation/www/CompassError.js ... 
2019-08-07 09:11:07 +0000  1276 bytes for ./Payload/MNKMobile.app/www/plugins/cordova-plugin-device-orientation/www/CompassError.js
2019-08-07 09:11:07 +0000  copying file ./Payload/MNKMobile.app/www/plugins/cordova-plugin-device-orientation/www/CompassHeading.js ... 
2019-08-07 09:11:07 +0000  1254 bytes for ./Payload/MNKMobile.app/www/plugins/cordova-plugin-device-orientation/www/CompassHeading.js
copying file ./Payload/MNKMobile.app/www/plugins/cordova-plugin-device-orientation/www/compass.js ... 
2019-08-07 09:11:07 +0000  5232 bytes for ./Payload/MNKMobile.app/www/plugins/cordova-plugin-device-orientation/www/compass.js
2019-08-07 09:11:07 +0000  copying file ./Payload/MNKMobile.app/www/plugins/cordova-plugin-media-capture/www/MediaFile.js ... 
2019-08-07 09:11:07 +0000  2119 bytes for ./Payload/MNKMobile.app/www/plugins/cordova-plugin-media-capture/www/MediaFile.js
2019-08-07 09:11:07 +0000  copying file ./Payload/MNKMobile.app/www/plugins/cordova-plugin-media-capture/www/MediaFileData.js ... 
2019-08-07 09:11:07 +0000  1436 bytes for ./Payload/MNKMobile.app/www/plugins/cordova-plugin-media-capture/www/MediaFileData.js
copying file ./Payload/MNKMobile.app/www/plugins/cordova-plugin-media-capture/www/CaptureError.js ... 
2019-08-07 09:11:07 +0000  1829 bytes for ./Payload/MNKMobile.app/www/plugins/cordova-plugin-media-capture/www/CaptureError.js
copying file ./Payload/MNKMobile.app/www/plugins/cordova-plugin-media-capture/www/CaptureAudioOptions.js ... 
2019-08-07 09:11:07 +0000  1307 bytes for ./Payload/MNKMobile.app/www/plugins/cordova-plugin-media-capture/www/CaptureAudioOptions.js
copying file ./Payload/MNKMobile.app/www/plugins/cordova-plugin-media-capture/www/CaptureImageOptions.js ... 
2019-08-07 09:11:07 +0000  1216 bytes for ./Payload/MNKMobile.app/www/plugins/cordova-plugin-media-capture/www/CaptureImageOptions.js
copying file ./Payload/MNKMobile.app/www/plugins/cordova-plugin-media-capture/www/helpers.js ... 
2019-08-07 09:11:07 +0000  1676 bytes for ./Payload/MNKMobile.app/www/plugins/cordova-plugin-media-capture/www/helpers.js
2019-08-07 09:11:07 +0000  copying file ./Payload/MNKMobile.app/www/plugins/cordova-plugin-media-capture/www/capture.js ... 
2019-08-07 09:11:07 +0000  2748 bytes for ./Payload/MNKMobile.app/www/plugins/cordova-plugin-media-capture/www/capture.js
copying file ./Payload/MNKMobile.app/www/plugins/cordova-plugin-media-capture/www/CaptureVideoOptions.js ... 
2019-08-07 09:11:07 +0000  1438 bytes for ./Payload/MNKMobile.app/www/plugins/cordova-plugin-media-capture/www/CaptureVideoOptions.js
2019-08-07 09:11:07 +0000  copying file ./Payload/MNKMobile.app/www/plugins/cordova-plugin-file-transfer/www/FileTransferError.js ... 
2019-08-07 09:11:07 +0000  1532 bytes for ./Payload/MNKMobile.app/www/plugins/cordova-plugin-file-transfer/www/FileTransferError.js
2019-08-07 09:11:07 +0000  copying file ./Payload/MNKMobile.app/www/plugins/cordova-plugin-file-transfer/www/FileTransfer.js ... 
2019-08-07 09:11:07 +0000  8810 bytes for ./Payload/MNKMobile.app/www/plugins/cordova-plugin-file-transfer/www/FileTransfer.js
2019-08-07 09:11:07 +0000  copying file ./Payload/MNKMobile.app/www/plugins/cordova-plugin-vibration/www/vibration.js ... 
2019-08-07 09:11:07 +0000  3625 bytes for ./Payload/MNKMobile.app/www/plugins/cordova-plugin-vibration/www/vibration.js
2019-08-07 09:11:07 +0000  copying file ./Payload/MNKMobile.app/www/plugins/cordova-plugin-media/www/MediaError.js ... 
2019-08-07 09:11:07 +0000  2366 bytes for ./Payload/MNKMobile.app/www/plugins/cordova-plugin-media/www/MediaError.js
copying file ./Payload/MNKMobile.app/www/plugins/cordova-plugin-media/www/Media.js ... 
2019-08-07 09:11:07 +0000  7770 bytes for ./Payload/MNKMobile.app/www/plugins/cordova-plugin-media/www/Media.js
2019-08-07 09:11:07 +0000  copying file ./Payload/MNKMobile.app/www/plugins/cordova-plugin-email/www/email_composer.js ... 
2019-08-07 09:11:07 +0000  5553 bytes for ./Payload/MNKMobile.app/www/plugins/cordova-plugin-email/www/email_composer.js
2019-08-07 09:11:07 +0000  copying file ./Payload/MNKMobile.app/www/plugins/phonegap-plugin-push/www/push.js ... 
2019-08-07 09:11:07 +0000  12363 bytes for ./Payload/MNKMobile.app/www/plugins/phonegap-plugin-push/www/push.js
2019-08-07 09:11:07 +0000  copying file ./Payload/MNKMobile.app/www/plugins/cordova-plugin-network-information/www/Connection.js ... 
2019-08-07 09:11:07 +0000  1169 bytes for ./Payload/MNKMobile.app/www/plugins/cordova-plugin-network-information/www/Connection.js
copying file ./Payload/MNKMobile.app/www/plugins/cordova-plugin-network-information/www/network.js ... 
2019-08-07 09:11:07 +0000  3463 bytes for ./Payload/MNKMobile.app/www/plugins/cordova-plugin-network-information/www/network.js
2019-08-07 09:11:07 +0000  copying file ./Payload/MNKMobile.app/www/plugins/cordova-plugin-device-motion/www/Acceleration.js ... 
2019-08-07 09:11:07 +0000  1139 bytes for ./Payload/MNKMobile.app/www/plugins/cordova-plugin-device-motion/www/Acceleration.js
2019-08-07 09:11:07 +0000  copying file ./Payload/MNKMobile.app/www/plugins/cordova-plugin-device-motion/www/accelerometer.js ... 
2019-08-07 09:11:07 +0000  7395 bytes for ./Payload/MNKMobile.app/www/plugins/cordova-plugin-device-motion/www/accelerometer.js
2019-08-07 09:11:07 +0000  copying file ./Payload/MNKMobile.app/www/plugins/cordova-plugin-dialogs/www/notification.js ... 
2019-08-07 09:11:07 +0000  6146 bytes for ./Payload/MNKMobile.app/www/plugins/cordova-plugin-dialogs/www/notification.js
2019-08-07 09:11:07 +0000  copying file ./Payload/MNKMobile.app/www/plugins/cordova-plugin-keyboard/www/keyboard.js ... 
2019-08-07 09:11:07 +0000  3179 bytes for ./Payload/MNKMobile.app/www/plugins/cordova-plugin-keyboard/www/keyboard.js
2019-08-07 09:11:07 +0000  copying file ./Payload/MNKMobile.app/www/plugins/cordova-plugin-camera/www/CameraPopoverOptions.js ... 
2019-08-07 09:11:07 +0000  2351 bytes for ./Payload/MNKMobile.app/www/plugins/cordova-plugin-camera/www/CameraPopoverOptions.js
2019-08-07 09:11:07 +0000  copying file ./Payload/MNKMobile.app/www/plugins/cordova-plugin-camera/www/ios/CameraPopoverHandle.js ... 
2019-08-07 09:11:07 +0000  2340 bytes for ./Payload/MNKMobile.app/www/plugins/cordova-plugin-camera/www/ios/CameraPopoverHandle.js
copying file ./Payload/MNKMobile.app/www/plugins/cordova-plugin-camera/www/CameraConstants.js ... 
2019-08-07 09:11:07 +0000  3592 bytes for ./Payload/MNKMobile.app/www/plugins/cordova-plugin-camera/www/CameraConstants.js
2019-08-07 09:11:07 +0000  copying file ./Payload/MNKMobile.app/www/plugins/cordova-plugin-camera/www/Camera.js ... 
2019-08-07 09:11:07 +0000  8183 bytes for ./Payload/MNKMobile.app/www/plugins/cordova-plugin-camera/www/Camera.js
2019-08-07 09:11:07 +0000  copying file ./Payload/MNKMobile.app/www/plugins/cordova-plugin-battery-status/www/battery.js ... 
2019-08-07 09:11:07 +0000  4121 bytes for ./Payload/MNKMobile.app/www/plugins/cordova-plugin-battery-status/www/battery.js
2019-08-07 09:11:07 +0000  copying file ./Payload/MNKMobile.app/www/plugins/cordova-plugin-splashscreen/www/splashscreen.js ... 
2019-08-07 09:11:07 +0000  1209 bytes for ./Payload/MNKMobile.app/www/plugins/cordova-plugin-splashscreen/www/splashscreen.js
2019-08-07 09:11:07 +0000  copying file ./Payload/MNKMobile.app/www/js/signatureCapture.min.js ... 
2019-08-07 09:11:07 +0000  11001 bytes for ./Payload/MNKMobile.app/www/js/signatureCapture.min.js
copying file ./Payload/MNKMobile.app/www/js/dataload.js ... 
2019-08-07 09:11:07 +0000  33215 bytes for ./Payload/MNKMobile.app/www/js/dataload.js
copying file ./Payload/MNKMobile.app/www/js/db.js ... 
2019-08-07 09:11:07 +0000  10436 bytes for ./Payload/MNKMobile.app/www/js/db.js
copying file ./Payload/MNKMobile.app/www/js/oData.js ... 
818 bytes for ./Payload/MNKMobile.app/www/js/oData.js
copying file ./Payload/MNKMobile.app/www/js/logFileService.js ... 
8493 bytes for ./Payload/MNKMobile.app/www/js/logFileService.js
copying file ./Payload/MNKMobile.app/www/js/index.js ... 
2019-08-07 09:11:07 +0000  113841 bytes for ./Payload/MNKMobile.app/www/js/index.js
copying file ./Payload/MNKMobile.app/www/js/dbQueries.js ... 
2019-08-07 09:11:07 +0000  56060 bytes for ./Payload/MNKMobile.app/www/js/dbQueries.js
copying file ./Payload/MNKMobile.app/www/js/db.min.js ... 
2019-08-07 09:11:07 +0000  23972 bytes for ./Payload/MNKMobile.app/www/js/db.min.js
copying file ./Payload/MNKMobile.app/www/js/dataload.min.js ... 
2019-08-07 09:11:07 +0000  79769 bytes for ./Payload/MNKMobile.app/www/js/dataload.min.js
copying file ./Payload/MNKMobile.app/www/js/oData.min.js ... 
2019-08-07 09:11:07 +0000  3280 bytes for ./Payload/MNKMobile.app/www/js/oData.min.js
copying file ./Payload/MNKMobile.app/www/js/signatureCapture.js ... 
3733 bytes for ./Payload/MNKMobile.app/www/js/signatureCapture.js
copying file ./Payload/MNKMobile.app/www/js/dbQueries.min.js ... 
2019-08-07 09:11:07 +0000  147775 bytes for ./Payload/MNKMobile.app/www/js/dbQueries.min.js
copying file ./Payload/MNKMobile.app/www/js/index.min.js ... 
2019-08-07 09:11:07 +0000  309510 bytes for ./Payload/MNKMobile.app/www/js/index.min.js
2019-08-07 09:11:07 +0000  copying file ./Payload/MNKMobile.app/www/js/logFileService.min.js ... 
19146 bytes for ./Payload/MNKMobile.app/www/js/logFileService.min.js
copying file ./Payload/MNKMobile.app/www/img/ICON_loader2.png ... 
1489 bytes for ./Payload/MNKMobile.app/www/img/ICON_loader2.png
copying file ./Payload/MNKMobile.app/www/img/background-interior.jpg ... 
2019-08-07 09:11:07 +0000  1294719 bytes for ./Payload/MNKMobile.app/www/img/background-interior.jpg
copying file ./Payload/MNKMobile.app/www/img/ICON_close.png ... 
2019-08-07 09:11:07 +0000  226 bytes for ./Payload/MNKMobile.app/www/img/ICON_close.png
copying file ./Payload/MNKMobile.app/www/img/ICON_arrow_left.png ... 
171 bytes for ./Payload/MNKMobile.app/www/img/ICON_arrow_left.png
copying file ./Payload/MNKMobile.app/www/img/ICON_loader.svg ... 
4385 bytes for ./Payload/MNKMobile.app/www/img/ICON_loader.svg
copying file ./Payload/MNKMobile.app/www/img/background-splash1.png ... 
2019-08-07 09:11:07 +0000  1102483 bytes for ./Payload/MNKMobile.app/www/img/background-splash1.png
copying file ./Payload/MNKMobile.app/www/img/blank.png ... 
2019-08-07 09:11:07 +0000  169 bytes for ./Payload/MNKMobile.app/www/img/blank.png
copying file ./Payload/MNKMobile.app/www/img/ICON_done.png ... 
556 bytes for ./Payload/MNKMobile.app/www/img/ICON_done.png
copying file ./Payload/MNKMobile.app/www/img/Cylinders.png ... 
2019-08-07 09:11:07 +0000  78811 bytes for ./Payload/MNKMobile.app/www/img/Cylinders.png
copying file ./Payload/MNKMobile.app/www/img/ICON_menu.png ... 
2019-08-07 09:11:07 +0000  141 bytes for ./Payload/MNKMobile.app/www/img/ICON_menu.png
copying file ./Payload/MNKMobile.app/www/img/background-splash.png ... 
2019-08-07 09:11:07 +0000  855549 bytes for ./Payload/MNKMobile.app/www/img/background-splash.png
copying file ./Payload/MNKMobile.app/www/img/LOGO_Mallinckrodt-color.png ... 
2019-08-07 09:11:07 +0000  25266 bytes for ./Payload/MNKMobile.app/www/img/LOGO_Mallinckrodt-color.png
copying file ./Payload/MNKMobile.app/www/img/ICON_arrow.png ... 
182 bytes for ./Payload/MNKMobile.app/www/img/ICON_arrow.png
copying file ./Payload/MNKMobile.app/www/img/background-interior1.png ... 
2019-08-07 09:11:07 +0000  897011 bytes for ./Payload/MNKMobile.app/www/img/background-interior1.png
copying file ./Payload/MNKMobile.app/www/img/ICON_loader_light.svg ... 
2019-08-07 09:11:07 +0000  4385 bytes for ./Payload/MNKMobile.app/www/img/ICON_loader_light.svg
copying file ./Payload/MNKMobile.app/www/img/scroll-arrow.gif ... 
6849 bytes for ./Payload/MNKMobile.app/www/img/scroll-arrow.gif
copying file ./Payload/MNKMobile.app/www/img/ICON_alert.png ... 
781 bytes for ./Payload/MNKMobile.app/www/img/ICON_alert.png
copying file ./Payload/MNKMobile.app/www/img/ICON_check2.png ... 
206 bytes for ./Payload/MNKMobile.app/www/img/ICON_check2.png
copying file ./Payload/MNKMobile.app/www/img/ICON_clearX.png ... 
1061 bytes for ./Payload/MNKMobile.app/www/img/ICON_clearX.png
copying file ./Payload/MNKMobile.app/www/img/ICON_flag.png ... 
574 bytes for ./Payload/MNKMobile.app/www/img/ICON_flag.png
2019-08-07 09:11:07 +0000  copying file ./Payload/MNKMobile.app/www/img/ICON_check.png ... 
416 bytes for ./Payload/MNKMobile.app/www/img/ICON_check.png
copying file ./Payload/MNKMobile.app/www/img/ICON_delete.png ... 
2019-08-07 09:11:07 +0000  898 bytes for ./Payload/MNKMobile.app/www/img/ICON_delete.png
copying file ./Payload/MNKMobile.app/www/img/LOGO_Mallinckrodt-color1.png ... 
2019-08-07 09:11:07 +0000  32649 bytes for ./Payload/MNKMobile.app/www/img/LOGO_Mallinckrodt-color1.png
copying file ./Payload/MNKMobile.app/www/img/ICON_pen.png ... 
2019-08-07 09:11:07 +0000  336 bytes for ./Payload/MNKMobile.app/www/img/ICON_pen.png
copying file ./Payload/MNKMobile.app/www/components/jquery/jquery.mobile-1.4.5.min.js ... 
2019-08-07 09:11:07 +0000  200102 bytes for ./Payload/MNKMobile.app/www/components/jquery/jquery.mobile-1.4.5.min.js
copying file ./Payload/MNKMobile.app/www/components/jquery/jquery.min.js ... 
2019-08-07 09:11:07 +0000  97185 bytes for ./Payload/MNKMobile.app/www/components/jquery/jquery.min.js
2019-08-07 09:11:07 +0000  copying file ./Payload/MNKMobile.app/www/components/modernizr/modernizr.js ... 
2019-08-07 09:11:07 +0000  52770 bytes for ./Payload/MNKMobile.app/www/components/modernizr/modernizr.js
2019-08-07 09:11:07 +0000  copying file ./Payload/MNKMobile.app/www/cordova-js-src/exec.js ... 
9139 bytes for ./Payload/MNKMobile.app/www/cordova-js-src/exec.js
copying file ./Payload/MNKMobile.app/www/cordova-js-src/plugin/ios/logger.js ... 
10587 bytes for ./Payload/MNKMobile.app/www/cordova-js-src/plugin/ios/logger.js
copying file ./Payload/MNKMobile.app/www/cordova-js-src/plugin/ios/console.js ... 
2019-08-07 09:11:07 +0000  7008 bytes for ./Payload/MNKMobile.app/www/cordova-js-src/plugin/ios/console.js
2019-08-07 09:11:07 +0000  copying file ./Payload/MNKMobile.app/www/cordova-js-src/platform.js ... 
2019-08-07 09:11:07 +0000  1199 bytes for ./Payload/MNKMobile.app/www/cordova-js-src/platform.js
copying file ./Payload/MNKMobile.app/www/icons/icomoon.ttf ... 
2019-08-07 09:11:07 +0000  2336 bytes for ./Payload/MNKMobile.app/www/icons/icomoon.ttf
copying file ./Payload/MNKMobile.app/www/icons/icomoon.woff ... 
2019-08-07 09:11:07 +0000  2412 bytes for ./Payload/MNKMobile.app/www/icons/icomoon.woff
copying file ./Payload/MNKMobile.app/www/icons/icomoon.eot ... 
2019-08-07 09:11:07 +0000  2500 bytes for ./Payload/MNKMobile.app/www/icons/icomoon.eot
copying file ./Payload/MNKMobile.app/www/icons/icomoon.svg ... 
2019-08-07 09:11:07 +0000  5690 bytes for ./Payload/MNKMobile.app/www/icons/icomoon.svg
2019-08-07 09:11:07 +0000  copying file ./Payload/MNKMobile.app/www/cordova_plugins.js ... 
2019-08-07 09:11:07 +0000  12997 bytes for ./Payload/MNKMobile.app/www/cordova_plugins.js
2019-08-07 09:11:07 +0000  copying file ./Payload/MNKMobile.app/www/fonts/EYInterstate/interstate.ttf ... 
2019-08-07 09:11:07 +0000  151852 bytes for ./Payload/MNKMobile.app/www/fonts/EYInterstate/interstate.ttf
copying file ./Payload/MNKMobile.app/www/fonts/EYInterstate/interstate-Light.eot ... 
2019-08-07 09:11:07 +0000  151952 bytes for ./Payload/MNKMobile.app/www/fonts/EYInterstate/interstate-Light.eot
copying file ./Payload/MNKMobile.app/www/fonts/EYInterstate/interstate-Bold.eot ... 
2019-08-07 09:11:07 +0000  142276 bytes for ./Payload/MNKMobile.app/www/fonts/EYInterstate/interstate-Bold.eot
copying file ./Payload/MNKMobile.app/www/fonts/EYInterstate/interstate-Light.ttf ... 
2019-08-07 09:11:07 +0000  151756 bytes for ./Payload/MNKMobile.app/www/fonts/EYInterstate/interstate-Light.ttf
copying file ./Payload/MNKMobile.app/www/fonts/EYInterstate/interstate.eot ... 
2019-08-07 09:11:07 +0000  152048 bytes for ./Payload/MNKMobile.app/www/fonts/EYInterstate/interstate.eot
2019-08-07 09:11:07 +0000  copying file ./Payload/MNKMobile.app/www/fonts/EYInterstate/interstate-Bold.ttf ... 
2019-08-07 09:11:07 +0000  142080 bytes for ./Payload/MNKMobile.app/www/fonts/EYInterstate/interstate-Bold.ttf
copying file ./Payload/MNKMobile.app/www/fonts/EYInterstate/interstate.css ... 
2019-08-07 09:11:07 +0000  905 bytes for ./Payload/MNKMobile.app/www/fonts/EYInterstate/interstate.css
copying file ./Payload/MNKMobile.app/www/fonts/EYInterstate/interstate-Light.xml ... 
2019-08-07 09:11:07 +0000  362190 bytes for ./Payload/MNKMobile.app/www/fonts/EYInterstate/interstate-Light.xml
copying file ./Payload/MNKMobile.app/www/fonts/EYInterstate/interstate.woff ... 
2019-08-07 09:11:07 +0000  78985 bytes for ./Payload/MNKMobile.app/www/fonts/EYInterstate/interstate.woff
copying file ./Payload/MNKMobile.app/www/fonts/EYInterstate/interstate-Bold.xml ... 
2019-08-07 09:11:07 +0000  362765 bytes for ./Payload/MNKMobile.app/www/fonts/EYInterstate/interstate-Bold.xml
copying file ./Payload/MNKMobile.app/www/fonts/EYInterstate/interstate.xml ... 
2019-08-07 09:11:07 +0000  363098 bytes for ./Payload/MNKMobile.app/www/fonts/EYInterstate/interstate.xml
2019-08-07 09:11:07 +0000  copying file ./Payload/MNKMobile.app/www/fonts/EYInterstate/license.txt ... 
2019-08-07 09:11:07 +0000  38202 bytes for ./Payload/MNKMobile.app/www/fonts/EYInterstate/license.txt
copying file ./Payload/MNKMobile.app/www/fonts/EYInterstate/interstate-Light.woff ... 
2019-08-07 09:11:07 +0000  75720 bytes for ./Payload/MNKMobile.app/www/fonts/EYInterstate/interstate-Light.woff
2019-08-07 09:11:07 +0000  copying file ./Payload/MNKMobile.app/www/fonts/EYInterstate/interstate-Bold.woff ... 
2019-08-07 09:11:07 +0000  72072 bytes for ./Payload/MNKMobile.app/www/fonts/EYInterstate/interstate-Bold.woff
2019-08-07 09:11:07 +0000  copying file ./Payload/MNKMobile.app/www/fonts/OpenSans/OpenSans-SemiBold.ttf ... 
2019-08-07 09:11:07 +0000  221164 bytes for ./Payload/MNKMobile.app/www/fonts/OpenSans/OpenSans-SemiBold.ttf
copying file ./Payload/MNKMobile.app/www/fonts/OpenSans/OpenSans-Light.ttf ... 
2019-08-07 09:11:07 +0000  222236 bytes for ./Payload/MNKMobile.app/www/fonts/OpenSans/OpenSans-Light.ttf
copying file ./Payload/MNKMobile.app/www/fonts/OpenSans/OpenSans-Italic.ttf ... 
2019-08-07 09:11:07 +0000  212760 bytes for ./Payload/MNKMobile.app/www/fonts/OpenSans/OpenSans-Italic.ttf
2019-08-07 09:11:07 +0000  copying file ./Payload/MNKMobile.app/www/fonts/OpenSans/OpenSans-ExtraBold.ttf ... 
2019-08-07 09:11:07 +0000  222424 bytes for ./Payload/MNKMobile.app/www/fonts/OpenSans/OpenSans-ExtraBold.ttf
2019-08-07 09:11:07 +0000  copying file ./Payload/MNKMobile.app/www/fonts/OpenSans/OpenSans-LightItalic.ttf ... 
2019-08-07 09:11:07 +0000  213024 bytes for ./Payload/MNKMobile.app/www/fonts/OpenSans/OpenSans-LightItalic.ttf
copying file ./Payload/MNKMobile.app/www/fonts/OpenSans/OpenSans-Bold.ttf ... 
2019-08-07 09:11:07 +0000  224452 bytes for ./Payload/MNKMobile.app/www/fonts/OpenSans/OpenSans-Bold.ttf
copying file ./Payload/MNKMobile.app/www/fonts/OpenSans/OpenSans-SemiBoldItalic.ttf ... 
2019-08-07 09:11:07 +0000  212732 bytes for ./Payload/MNKMobile.app/www/fonts/OpenSans/OpenSans-SemiBoldItalic.ttf
2019-08-07 09:11:07 +0000  copying file ./Payload/MNKMobile.app/www/fonts/OpenSans/OpenSans-ExtraBoldItalic.ttf ... 
2019-08-07 09:11:07 +0000  213336 bytes for ./Payload/MNKMobile.app/www/fonts/OpenSans/OpenSans-ExtraBoldItalic.ttf
2019-08-07 09:11:07 +0000  copying file ./Payload/MNKMobile.app/www/fonts/OpenSans/OpenSans-Regular.ttf ... 
2019-08-07 09:11:07 +0000  217276 bytes for ./Payload/MNKMobile.app/www/fonts/OpenSans/OpenSans-Regular.ttf
2019-08-07 09:11:07 +0000  copying file ./Payload/MNKMobile.app/www/fonts/OpenSans/OpenSans-BoldItalic.ttf ... 
2019-08-07 09:11:07 +0000  213168 bytes for ./Payload/MNKMobile.app/www/fonts/OpenSans/OpenSans-BoldItalic.ttf
2019-08-07 09:11:07 +0000  copying file ./Payload/MNKMobile.app/LaunchImage-Landscape~ipad.png ... 
2019-08-07 09:11:07 +0000  746029 bytes for ./Payload/MNKMobile.app/LaunchImage-Landscape~ipad.png
copying file ./Payload/MNKMobile.app/LaunchImage-700-Portrait~ipad.png ... 
2019-08-07 09:11:07 +0000  421865 bytes for ./Payload/MNKMobile.app/LaunchImage-700-Portrait~ipad.png
copying file ./Payload/MNKMobile.app/Assets.car ... 
2019-08-07 09:11:08 +0000  296504 bytes for ./Payload/MNKMobile.app/Assets.car
copying file ./Payload/MNKMobile.app/AppIcon40x40@2x~ipad.png ... 
2019-08-07 09:11:08 +0000  5005 bytes for ./Payload/MNKMobile.app/AppIcon40x40@2x~ipad.png
copying file ./Payload/MNKMobile.app/AppIcon76x76@2x~ipad.png ... 
13283 bytes for ./Payload/MNKMobile.app/AppIcon76x76@2x~ipad.png
copying file ./Payload/MNKMobile.app/LaunchImage-800-Portrait-736h@3x.png ... 
2019-08-07 09:11:08 +0000  1095220 bytes for ./Payload/MNKMobile.app/LaunchImage-800-Portrait-736h@3x.png
copying file ./Payload/MNKMobile.app/AppIcon72x72~ipad.png ... 
2019-08-07 09:11:08 +0000  4991 bytes for ./Payload/MNKMobile.app/AppIcon72x72~ipad.png
copying file ./Payload/MNKMobile.app/CDVLaunchScreen.storyboardc/01J-lp-oVM-view-Ze5-6b-2t3.nib ... 
2282 bytes for ./Payload/MNKMobile.app/CDVLaunchScreen.storyboardc/01J-lp-oVM-view-Ze5-6b-2t3.nib
copying file ./Payload/MNKMobile.app/CDVLaunchScreen.storyboardc/UIViewController-01J-lp-oVM.nib ... 
832 bytes for ./Payload/MNKMobile.app/CDVLaunchScreen.storyboardc/UIViewController-01J-lp-oVM.nib
copying file ./Payload/MNKMobile.app/CDVLaunchScreen.storyboardc/Info.plist ... 
258 bytes for ./Payload/MNKMobile.app/CDVLaunchScreen.storyboardc/Info.plist
copying file ./Payload/MNKMobile.app/MNKMobile ... 
2019-08-07 09:11:08 +0000  4347040 bytes for ./Payload/MNKMobile.app/MNKMobile
copying file ./Payload/MNKMobile.app/LaunchImage-700@2x.png ... 
2019-08-07 09:11:08 +0000  300498 bytes for ./Payload/MNKMobile.app/LaunchImage-700@2x.png
copying file ./Payload/MNKMobile.app/AppIcon83.5x83.5@2x~ipad.png ... 
2019-08-07 09:11:08 +0000  14312 bytes for ./Payload/MNKMobile.app/AppIcon83.5x83.5@2x~ipad.png
copying file ./Payload/MNKMobile.app/LaunchImage-700-568h@2x.png ... 
2019-08-07 09:11:08 +0000  439634 bytes for ./Payload/MNKMobile.app/LaunchImage-700-568h@2x.png
2019-08-07 09:11:08 +0000  copying file ./Payload/MNKMobile.app/LaunchImage-Landscape@2x~ipad.png ... 
2019-08-07 09:11:08 +0000  2988338 bytes for ./Payload/MNKMobile.app/LaunchImage-Landscape@2x~ipad.png
2019-08-07 09:11:08 +0000  copying file ./Payload/MNKMobile.app/CDVNotification.bundle/beep.wav ... 
8114 bytes for ./Payload/MNKMobile.app/CDVNotification.bundle/beep.wav
copying file ./Payload/MNKMobile.app/AppIcon50x50~ipad.png ... 
2816 bytes for ./Payload/MNKMobile.app/AppIcon50x50~ipad.png
copying file ./Payload/MNKMobile.app/AppIcon29x29@2x~ipad.png ... 
3490 bytes for ./Payload/MNKMobile.app/AppIcon29x29@2x~ipad.png
2019-08-07 09:11:08 +0000  copying file ./Payload/MNKMobile.app/LaunchImage-700-Landscape@2x~ipad.png ... 
2019-08-07 09:11:08 +0000  2988338 bytes for ./Payload/MNKMobile.app/LaunchImage-700-Landscape@2x~ipad.png
copying file ./Payload/MNKMobile.app/AppIcon50x50@2x~ipad.png ... 
2019-08-07 09:11:08 +0000  6798 bytes for ./Payload/MNKMobile.app/AppIcon50x50@2x~ipad.png
copying file ./Payload/MNKMobile.app/AppIcon40x40~ipad.png ... 
2013 bytes for ./Payload/MNKMobile.app/AppIcon40x40~ipad.png
copying file ./Payload/MNKMobile.app/AppIcon20x20~ipad.png ... 
801 bytes for ./Payload/MNKMobile.app/AppIcon20x20~ipad.png
copying file ./Payload/MNKMobile.app/LaunchImage.png ... 
2019-08-07 09:11:08 +0000  81684 bytes for ./Payload/MNKMobile.app/LaunchImage.png
copying file ./Payload/MNKMobile.app/embedded.mobileprovision ... 
2019-08-07 09:11:08 +0000  9609 bytes for ./Payload/MNKMobile.app/embedded.mobileprovision
copying file ./Payload/MNKMobile.app/LaunchImage-800-Landscape-736h@3x.png ... 
2019-08-07 09:11:08 +0000  3475668 bytes for ./Payload/MNKMobile.app/LaunchImage-800-Landscape-736h@3x.png
copying file ./Payload/MNKMobile.app/LaunchImage-700-Portrait@2x~ipad.png ... 
2019-08-07 09:11:08 +0000  1638108 bytes for ./Payload/MNKMobile.app/LaunchImage-700-Portrait@2x~ipad.png
copying file ./Payload/MNKMobile.app/LaunchImage-700-Landscape~ipad.png ... 
2019-08-07 09:11:08 +0000  746029 bytes for ./Payload/MNKMobile.app/LaunchImage-700-Landscape~ipad.png
2019-08-07 09:11:08 +0000  copying file ./Payload/MNKMobile.app/CDVCapture.bundle/de.lproj/Localizable.strings ... 
1244 bytes for ./Payload/MNKMobile.app/CDVCapture.bundle/de.lproj/Localizable.strings
copying file ./Payload/MNKMobile.app/CDVCapture.bundle/microphone@2x.png ... 
2019-08-07 09:11:08 +0000  282409 bytes for ./Payload/MNKMobile.app/CDVCapture.bundle/microphone@2x.png
copying file ./Payload/MNKMobile.app/CDVCapture.bundle/microphone@2x~ipad.png ... 
2019-08-07 09:11:08 +0000  911582 bytes for ./Payload/MNKMobile.app/CDVCapture.bundle/microphone@2x~ipad.png
2019-08-07 09:11:08 +0000  copying file ./Payload/MNKMobile.app/CDVCapture.bundle/en.lproj/Localizable.strings ... 
1222 bytes for ./Payload/MNKMobile.app/CDVCapture.bundle/en.lproj/Localizable.strings
copying file ./Payload/MNKMobile.app/CDVCapture.bundle/recording_bg~ipad.png ... 
996 bytes for ./Payload/MNKMobile.app/CDVCapture.bundle/recording_bg~ipad.png
copying file ./Payload/MNKMobile.app/CDVCapture.bundle/controls_bg~ipad.png ... 
969 bytes for ./Payload/MNKMobile.app/CDVCapture.bundle/controls_bg~ipad.png
copying file ./Payload/MNKMobile.app/CDVCapture.bundle/es.lproj/Localizable.strings ... 
1235 bytes for ./Payload/MNKMobile.app/CDVCapture.bundle/es.lproj/Localizable.strings
copying file ./Payload/MNKMobile.app/CDVCapture.bundle/controls_bg.png ... 
955 bytes for ./Payload/MNKMobile.app/CDVCapture.bundle/controls_bg.png
copying file ./Payload/MNKMobile.app/CDVCapture.bundle/record_button.png ... 
2019-08-07 09:11:08 +0000  5852 bytes for ./Payload/MNKMobile.app/CDVCapture.bundle/record_button.png
copying file ./Payload/MNKMobile.app/CDVCapture.bundle/controls_bg@2x~ipad.png ... 
2019-08-07 09:11:08 +0000  2858 bytes for ./Payload/MNKMobile.app/CDVCapture.bundle/controls_bg@2x~ipad.png
copying file ./Payload/MNKMobile.app/CDVCapture.bundle/microphone.png ... 
2019-08-07 09:11:08 +0000  72226 bytes for ./Payload/MNKMobile.app/CDVCapture.bundle/microphone.png
copying file ./Payload/MNKMobile.app/CDVCapture.bundle/microphone-568h@2x~iphone.png ... 
2019-08-07 09:11:08 +0000  531673 bytes for ./Payload/MNKMobile.app/CDVCapture.bundle/microphone-568h@2x~iphone.png
copying file ./Payload/MNKMobile.app/CDVCapture.bundle/stop_button@2x~ipad.png ... 
2019-08-07 09:11:08 +0000  14474 bytes for ./Payload/MNKMobile.app/CDVCapture.bundle/stop_button@2x~ipad.png
copying file ./Payload/MNKMobile.app/CDVCapture.bundle/stop_button@2x.png ... 
12965 bytes for ./Payload/MNKMobile.app/CDVCapture.bundle/stop_button@2x.png
copying file ./Payload/MNKMobile.app/CDVCapture.bundle/stop_button.png ... 
5514 bytes for ./Payload/MNKMobile.app/CDVCapture.bundle/stop_button.png
copying file ./Payload/MNKMobile.app/CDVCapture.bundle/se.lproj/Localizable.strings ... 
2019-08-07 09:11:08 +0000  1224 bytes for ./Payload/MNKMobile.app/CDVCapture.bundle/se.lproj/Localizable.strings
2019-08-07 09:11:08 +0000  copying file ./Payload/MNKMobile.app/CDVCapture.bundle/recording_bg@2x~ipad.png ... 
2019-08-07 09:11:08 +0000  1026 bytes for ./Payload/MNKMobile.app/CDVCapture.bundle/recording_bg@2x~ipad.png
copying file ./Payload/MNKMobile.app/CDVCapture.bundle/controls_bg@2x.png ... 
2019-08-07 09:11:08 +0000  971 bytes for ./Payload/MNKMobile.app/CDVCapture.bundle/controls_bg@2x.png
copying file ./Payload/MNKMobile.app/CDVCapture.bundle/record_button@2x.png ... 
2019-08-07 09:11:08 +0000  13875 bytes for ./Payload/MNKMobile.app/CDVCapture.bundle/record_button@2x.png
copying file ./Payload/MNKMobile.app/CDVCapture.bundle/recording_bg.png ... 
2019-08-07 09:11:08 +0000  973 bytes for ./Payload/MNKMobile.app/CDVCapture.bundle/recording_bg.png
copying file ./Payload/MNKMobile.app/CDVCapture.bundle/record_button@2x~ipad.png ... 
2019-08-07 09:11:08 +0000  15822 bytes for ./Payload/MNKMobile.app/CDVCapture.bundle/record_button@2x~ipad.png
copying file ./Payload/MNKMobile.app/CDVCapture.bundle/record_button~ipad.png ... 
2019-08-07 09:11:08 +0000  7547 bytes for ./Payload/MNKMobile.app/CDVCapture.bundle/record_button~ipad.png
copying file ./Payload/MNKMobile.app/CDVCapture.bundle/stop_button~ipad.png ... 
2019-08-07 09:11:08 +0000  7119 bytes for ./Payload/MNKMobile.app/CDVCapture.bundle/stop_button~ipad.png
copying file ./Payload/MNKMobile.app/CDVCapture.bundle/microphone~ipad.png ... 
2019-08-07 09:11:08 +0000  393975 bytes for ./Payload/MNKMobile.app/CDVCapture.bundle/microphone~ipad.png
2019-08-07 09:11:08 +0000  copying file ./Payload/MNKMobile.app/CDVCapture.bundle/recording_bg@2x.png ... 
990 bytes for ./Payload/MNKMobile.app/CDVCapture.bundle/recording_bg@2x.png
copying file ./Payload/MNKMobile.app/AppIcon20x20@2x~ipad.png ... 
2013 bytes for ./Payload/MNKMobile.app/AppIcon20x20@2x~ipad.png
copying file ./Payload/MNKMobile.app/Info.plist ... 
2305 bytes for ./Payload/MNKMobile.app/Info.plist
copying file ./Payload/MNKMobile.app/PkgInfo ... 
8 bytes for ./Payload/MNKMobile.app/PkgInfo
copying file ./Payload/MNKMobile.app/AppIcon76x76~ipad.png ... 
2019-08-07 09:11:08 +0000  4864 bytes for ./Payload/MNKMobile.app/AppIcon76x76~ipad.png
2019-08-07 09:11:08 +0000  /usr/bin/ditto exited with 0
2019-08-07 09:11:08 +0000  Processing step: IDEDistributionAppStoreInformationStep
2019-08-07 09:11:08 +0000  Skipping step: IDEDistributionAppStoreInformationStep because it said so
2019-08-07 09:11:08 +0000  Processing step: IDEDistributionCreateManifestStep
